                      :-) GROMACS - gmx mdrun, 2024.5 (-:

Copyright 1991-2024 The GROMACS Authors.
GROMACS is free software; you can redistribute it and/or modify it
under the terms of the GNU Lesser General Public License
as published by the Free Software Foundation; either version 2.1
of the License, or (at your option) any later version.

                         Current GROMACS contributors:
       Mark Abraham           Andrey Alekseenko           Vladimir Basov      
      Cathrine Bergh            Eliane Briand               Ania Brown        
      Mahesh Doijade            Giacomo Fiorin          Stefan Fleischmann    
      Sergey Gorelov         Gilles Gouaillardet            Alan Gray         
     M. Eric Irrgang         Farzaneh Jalalypour            Joe Jordan        
     Carsten Kutzner           Justin A. Lemkul          Magnus Lundborg      
       Pascal Merz              Vedran Miletic            Dmitry Morozov      
       Julien Nabet              Szilard Pall        Andrea Pasquadibisceglie 
    Michele Pellegrino          Hubert Santuz             Roland Schulz       
     Tatiana Shugaeva          Alexey Shvetsov            Philip Turner       
     Alessandra Villa      Sebastian Wingbermuehle  

                         Previous GROMACS contributors:
        Emile Apol             Rossen Apostolov           James Barnett       
        Paul Bauer          Herman J.C. Berendsen          Par Bjelkmar       
      Christian Blau          Viacheslav Bolnykh            Kevin Boyd        
    Aldert van Buuren          Carlo Camilloni           Rudi van Drunen      
      Anton Feenstra           Oliver Fleetwood            Vytas Gapsys       
       Gaurav Garg             Gerrit Groenhof            Bert de Groot       
      Anca Hamuraru           Vincent Hindriksen          Victor Holanda      
     Aleksei Iupinov          Christoph Junghans        Prashanth Kanduri     
   Dimitrios Karkoulis           Peter Kasson             Sebastian Kehl      
     Sebastian Keller             Jiri Kraus               Per Larsson        
      Viveca Lindahl            Erik Marklund           Pieter Meulenhoff     
      Teemu Murtola              Sander Pronk             Michael Shirts      
      Alfons Sijbers            Balint Soproni         David van der Spoel    
      Peter Tieleman            Carsten Uphoff             Jon Vincent        
     Teemu Virolainen         Christian Wennberg           Maarten Wolf       
      Artem Zhmurov       

                  Coordinated by the GROMACS project leaders:
                           Berk Hess and Erik Lindahl

GROMACS:      gmx mdrun, version 2024.5
Executable:   /opt/bwhpc/common/chem/gromacs/2024.5-gnu-13.3-cuda-12.8/bin/gmx
Data prefix:  /opt/bwhpc/common/chem/gromacs/2024.5-gnu-13.3-cuda-12.8
Working dir:  /gpfs/bwfor/work/ws/hd_vy285-igem26_vy285_restored/hd_vy285-igem26_vy285-1780848003/gromacs/assignment2_proteinG/run_oplsaa
Process ID:   2860052
Command line:
  gmx mdrun -v -s em.tpr -c em.pdb -deffnm em

GROMACS version:     2024.5
Precision:           mixed
Memory model:        64 bit
MPI library:         thread_mpi
OpenMP support:      enabled (GMX_OPENMP_MAX_THREADS = 128)
GPU support:         CUDA
NBNxM GPU setup:     super-cluster 2x2x2 / cluster 8
SIMD instructions:   AVX2_256
CPU FFT library:     fftw-3.3.8-sse2-avx-avx2-avx2_128
GPU FFT library:     cuFFT
Multi-GPU FFT:       none
RDTSCP usage:        enabled
TNG support:         enabled
Hwloc support:       disabled
Tracing support:     disabled
C compiler:          /opt/bwhpc/common/compiler/gnu/13.3.0/bin/gcc GNU 13.3.0
C compiler flags:    -fexcess-precision=fast -funroll-all-loops -mavx2 -mfma -Wno-missing-field-initializers -O3 -DNDEBUG
C++ compiler:        /opt/bwhpc/common/compiler/gnu/13.3.0/bin/g++ GNU 13.3.0
C++ compiler flags:  -fexcess-precision=fast -funroll-all-loops -mavx2 -mfma -Wno-missing-field-initializers -Wno-cast-function-type-strict -fopenmp -O3 -DNDEBUG
BLAS library:        Internal
LAPACK library:      Internal
CUDA compiler:       /opt/bwhpc/common/devel/cuda/12.8.1/bin/nvcc nvcc: NVIDIA (R) Cuda compiler driver;Copyright (c) 2005-2025 NVIDIA Corporation;Built on Fri_Feb_21_20:23:50_PST_2025;Cuda compilation tools, release 12.8, V12.8.93;Build cuda_12.8.r12.8/compiler.35583870_0
CUDA compiler flags:-std=c++17;--generate-code=arch=compute_50,code=sm_50;--generate-code=arch=compute_52,code=sm_52;--generate-code=arch=compute_60,code=sm_60;--generate-code=arch=compute_61,code=sm_61;--generate-code=arch=compute_70,code=sm_70;--generate-code=arch=compute_75,code=sm_75;--generate-code=arch=compute_80,code=sm_80;--generate-code=arch=compute_86,code=sm_86;--generate-code=arch=compute_89,code=sm_89;--generate-code=arch=compute_90,code=sm_90;-Wno-deprecated-gpu-targets;--generate-code=arch=compute_53,code=sm_53;--generate-code=arch=compute_80,code=sm_80;-use_fast_math;-Xptxas;-warn-double-usage;-Xptxas;-Werror;-D_FORCE_INLINES;-Xcompiler;-fopenmp;-fexcess-precision=fast -funroll-all-loops -mavx2 -mfma -Wno-missing-field-initializers -Wno-cast-function-type-strict -fopenmp -O3 -DNDEBUG
CUDA driver:         13.30
CUDA runtime:        12.80


Running on 1 node with total 4 cores, 4 processing units (GPU detection failed)
Hardware detected on host m10n17:
  CPU info:
    Vendor: AMD
    Brand:  AMD EPYC 7513 32-Core Processor                
    Family: 25   Model: 1   Stepping: 1
    Features: aes amd apic avx avx2 clfsh cmov cx8 cx16 f16c fma htt lahf misalignsse mmx msr nonstop_tsc pcid pclmuldq pdpe1gb popcnt pse rdrnd rdtscp sha sse2 sse3 sse4a sse4.1 sse4.2 ssse3 x2apic
  Hardware topology: Basic
    Packages, cores, and logical processors:
    [indices refer to OS logical processors]
      Package  0: [   7]
      Package  1: [  37] [  38] [  44]
    CPU limit set by OS: -1   Recommended max number of threads: 4


++++ PLEASE READ AND CITE THE FOLLOWING REFERENCE ++++
M. J. Abraham, T. Murtola, R. Schulz, S. Páll, J. C. Smith, B. Hess, E.
Lindahl
GROMACS: High performance molecular simulations through multi-level
parallelism from laptops to supercomputers
SoftwareX 1 (2015) pp. 19-25
-------- -------- --- Thank You --- -------- --------


++++ PLEASE READ AND CITE THE FOLLOWING REFERENCE ++++
S. Páll, M. J. Abraham, C. Kutzner, B. Hess, E. Lindahl
Tackling Exascale Software Challenges in Molecular Dynamics Simulations with
GROMACS
In S. Markidis & E. Laure (Eds.), Solving Software Challenges for Exascale 8759 (2015) pp. 3-27
-------- -------- --- Thank You --- -------- --------


++++ PLEASE READ AND CITE THE FOLLOWING REFERENCE ++++
S. Pronk, S. Páll, R. Schulz, P. Larsson, P. Bjelkmar, R. Apostolov, M. R.
Shirts, J. C. Smith, P. M. Kasson, D. van der Spoel, B. Hess, and E. Lindahl
GROMACS 4.5: a high-throughput and highly parallel open source molecular
simulation toolkit
Bioinformatics 29 (2013) pp. 845-54
-------- -------- --- Thank You --- -------- --------


++++ PLEASE READ AND CITE THE FOLLOWING REFERENCE ++++
B. Hess and C. Kutzner and D. van der Spoel and E. Lindahl
GROMACS 4: Algorithms for highly efficient, load-balanced, and scalable
molecular simulation
J. Chem. Theory Comput. 4 (2008) pp. 435-447
-------- -------- --- Thank You --- -------- --------


++++ PLEASE READ AND CITE THE FOLLOWING REFERENCE ++++
D. van der Spoel, E. Lindahl, B. Hess, G. Groenhof, A. E. Mark and H. J. C.
Berendsen
GROMACS: Fast, Flexible and Free
J. Comp. Chem. 26 (2005) pp. 1701-1719
-------- -------- --- Thank You --- -------- --------


++++ PLEASE READ AND CITE THE FOLLOWING REFERENCE ++++
E. Lindahl and B. Hess and D. van der Spoel
GROMACS 3.0: A package for molecular simulation and trajectory analysis
J. Mol. Mod. 7 (2001) pp. 306-317
-------- -------- --- Thank You --- -------- --------


++++ PLEASE READ AND CITE THE FOLLOWING REFERENCE ++++
H. J. C. Berendsen, D. van der Spoel and R. van Drunen
GROMACS: A message-passing parallel molecular dynamics implementation
Comp. Phys. Comm. 91 (1995) pp. 43-56
-------- -------- --- Thank You --- -------- --------


++++ PLEASE CITE THE DOI FOR THIS VERSION OF GROMACS ++++
https://doi.org/10.5281/zenodo.14732103
-------- -------- --- Thank You --- -------- --------


The number of OpenMP threads was set by environment variable OMP_NUM_THREADS to 1

Input Parameters:
   integrator                     = steep
   tinit                          = 0
   dt                             = 0.001
   nsteps                         = 100
   init-step                      = 0
   simulation-part                = 1
   mts                            = false
   mass-repartition-factor        = 1
   comm-mode                      = Linear
   nstcomm                        = 100
   bd-fric                        = 0
   ld-seed                        = -1426587902
   emtol                          = 1e-05
   emstep                         = 0.1
   niter                          = 20
   fcstep                         = 0
   nstcgsteep                     = 1000
   nbfgscorr                      = 10
   rtpi                           = 0.05
   nstxout                        = 0
   nstvout                        = 0
   nstfout                        = 0
   nstlog                         = 1000
   nstcalcenergy                  = 100
   nstenergy                      = 1000
   nstxout-compressed             = 0
   compressed-x-precision         = 1000
   cutoff-scheme                  = Verlet
   nstlist                        = 10
   pbc                            = xyz
   periodic-molecules             = false
   verlet-buffer-tolerance        = 0.005
   verlet-buffer-pressure-tolerance = 0.5
   rlist                          = 1.05
   coulombtype                    = Cut-off
   coulomb-modifier               = Potential-shift
   rcoulomb-switch                = 0
   rcoulomb                       = 1
   epsilon-r                      = 1
   epsilon-rf                     = inf
   vdw-type                       = Cut-off
   vdw-modifier                   = Potential-shift
   rvdw-switch                    = 0
   rvdw                           = 1
   DispCorr                       = No
   table-extension                = 1
   fourierspacing                 = 0.12
   fourier-nx                     = 0
   fourier-ny                     = 0
   fourier-nz                     = 0
   pme-order                      = 4
   ewald-rtol                     = 1e-05
   ewald-rtol-lj                  = 0.001
   lj-pme-comb-rule               = Geometric
   ewald-geometry                 = 3d
   epsilon-surface                = 0
   ensemble-temperature-setting   = not available
   tcoupl                         = No
   nsttcouple                     = -1
   nh-chain-length                = 0
   print-nose-hoover-chain-variables = false
   pcoupl                         = No
   refcoord-scaling               = No
   posres-com (3):
      posres-com[0]= 0.00000e+00
      posres-com[1]= 0.00000e+00
      posres-com[2]= 0.00000e+00
   posres-comB (3):
      posres-comB[0]= 0.00000e+00
      posres-comB[1]= 0.00000e+00
      posres-comB[2]= 0.00000e+00
   QMMM                           = false
qm-opts:
   ngQM                           = 0
   constraint-algorithm           = Lincs
   continuation                   = false
   Shake-SOR                      = false
   shake-tol                      = 0.0001
   lincs-order                    = 4
   lincs-iter                     = 1
   lincs-warnangle                = 30
   nwall                          = 0
   wall-type                      = 9-3
   wall-r-linpot                  = -1
   wall-atomtype[0]               = -1
   wall-atomtype[1]               = -1
   wall-density[0]                = 0
   wall-density[1]                = 0
   wall-ewald-zfac                = 3
   pull                           = false
   awh                            = false
   rotation                       = false
   interactiveMD                  = false
   disre                          = No
   disre-weighting                = Conservative
   disre-mixed                    = false
   dr-fc                          = 1000
   dr-tau                         = 0
   nstdisreout                    = 100
   orire-fc                       = 0
   orire-tau                      = 0
   nstorireout                    = 100
   free-energy                    = no
   cos-acceleration               = 0
   deform (3x3):
      deform[    0]={ 0.00000e+00,  0.00000e+00,  0.00000e+00}
      deform[    1]={ 0.00000e+00,  0.00000e+00,  0.00000e+00}
      deform[    2]={ 0.00000e+00,  0.00000e+00,  0.00000e+00}
   simulated-tempering            = false
   swapcoords                     = no
   userint1                       = 0
   userint2                       = 0
   userint3                       = 0
   userint4                       = 0
   userreal1                      = 0
   userreal2                      = 0
   userreal3                      = 0
   userreal4                      = 0
   applied-forces:
     electric-field:
       x:
         E0                       = 0
         omega                    = 0
         t0                       = 0
         sigma                    = 0
       y:
         E0                       = 0
         omega                    = 0
         t0                       = 0
         sigma                    = 0
       z:
         E0                       = 0
         omega                    = 0
         t0                       = 0
         sigma                    = 0
     density-guided-simulation:
       active                     = false
       group                      = protein
       similarity-measure         = inner-product
       atom-spreading-weight      = unity
       force-constant             = 1e+09
       gaussian-transform-spreading-width = 0.2
       gaussian-transform-spreading-range-in-multiples-of-width = 4
       reference-density-filename = reference.mrc
       nst                        = 1
       normalize-densities        = true
       adaptive-force-scaling     = false
       adaptive-force-scaling-time-constant = 4
       shift-vector               = 
       transformation-matrix      = 
     qmmm-cp2k:
       active                     = false
       qmgroup                    = System
       qmmethod                   = PBE
       qmfilenames                = 
       qmcharge                   = 0
       qmmultiplicity             = 1
     colvars:
       active                     = false
       configfile                 = 
       seed                       = -1
grpopts:
   nrdf:       22464
   ref-t:           0
   tau-t:           0
annealing:          No
annealing-npoints:           0
   acc:	           0           0           0
   nfreeze:           N           N           N
   energygrp-flags[  0]: 0

When checking whether update groups are usable:
  No constraints or virtual sites are in use, so it is best not to use update groups

Initializing Domain Decomposition on 4 ranks
NOTE: disabling dynamic load balancing as it is only supported with dynamics, not with integrator 'steep'.
Dynamic load balancing: off
Minimum cell size due to atom displacement: 0.050 nm
Initial maximum distances in bonded interactions:
    two-body bonded interactions: 0.396 nm, LJ-14, atoms 415 424
  multi-body bonded interactions: 0.396 nm, Ryckaert-Bell., atoms 415 424
Minimum cell size due to bonded interactions: 0.436 nm
The system does not use PME for electrostatics or LJ
Optimizing the DD grid for 4 cells with a minimum initial size of 0.436 nm
The maximum allowed number of cells is: X 10 Y 8 Z 11
Domain decomposition grid 1 x 1 x 4, separate PME ranks 0
Domain decomposition rank 0, coordinates 0 0 0

The initial number of communication pulses is: Z 1
The initial domain decomposition cell size is: Z 1.20 nm

The maximum allowed distance for atoms involved in interactions is:
                 non-bonded interactions           1.050 nm
            two-body bonded interactions  (-rdd)   1.050 nm
          multi-body bonded interactions  (-rdd)   1.050 nm

Using 4 MPI threads

Non-default thread affinity set, disabling internal thread affinity

Using 1 OpenMP thread per tMPI thread

System total charge: -0.000
Potential shift: LJ r^-12: -1.000e+00 r^-6: -1.000e+00, Coulomb -1e+00
Generated table with 1025 data points for 1-4 COUL.
Tabscale = 500 points/nm
Generated table with 1025 data points for 1-4 LJ6.
Tabscale = 500 points/nm
Generated table with 1025 data points for 1-4 LJ12.
Tabscale = 500 points/nm


Using SIMD4xM 4x8 nonbonded short-range kernels

Using a 4x8 pair-list setup:
  updated every 10 steps, buffer 0.050 nm, rlist 1.050 nm

Using Geometric Lennard-Jones combination rule
Removing pbc first time

Linking all bonded interactions to atoms


Note that activating steepest-descent energy minimization via the integrator .mdp option and the command gmx mdrun may be available in a different form in a future version of GROMACS, e.g. gmx minimize and an .mdp option.
Initiating Steepest Descents

Atom distribution over 4 domains: av 1872 stddev 55 min 1807 max 1935
Started Steepest Descents on rank 0 Mon Jul 20 14:50:43 2026


Steepest Descents:
   Tolerance (Fmax)   =  1.00000e-05
   Number of steps    =          100
           Step           Time
              0        0.00000

   Energies (kJ/mol)
           Bond          Angle    Proper Dih. Ryckaert-Bell.          LJ-14
    4.25056e+03    5.17490e+02    3.88615e+01    7.39707e+02    1.86076e+03
     Coulomb-14        LJ (SR)   Coulomb (SR)      Potential Pressure (bar)
    8.06676e+03    1.15880e+05   -1.12671e+05    1.86826e+04    1.23227e+05


DD  step 0 load imb.: force 10.1%
           Step           Time
              1        1.00000

   Energies (kJ/mol)
           Bond          Angle    Proper Dih. Ryckaert-Bell.          LJ-14
    1.41405e+04    2.60741e+03    5.95437e+01    7.74257e+02    1.88771e+03
     Coulomb-14        LJ (SR)   Coulomb (SR)      Potential Pressure (bar)
    8.06122e+03    3.86914e+04   -1.16545e+05   -5.03228e+04    4.70913e+04

           Step           Time
              2        2.00000

           Step           Time
              3        3.00000

   Energies (kJ/mol)
           Bond          Angle    Proper Dih. Ryckaert-Bell.          LJ-14
    6.78912e+03    2.20041e+03    5.02762e+01    7.83550e+02    1.81648e+03
     Coulomb-14        LJ (SR)   Coulomb (SR)      Potential Pressure (bar)
    8.06910e+03    3.14199e+04   -1.23860e+05   -7.27309e+04    2.73260e+04

           Step           Time
              4        4.00000

   Energies (kJ/mol)
           Bond          Angle    Proper Dih. Ryckaert-Bell.          LJ-14
    6.99814e+03    2.52845e+03    1.01913e+02    7.93578e+02    1.78619e+03
     Coulomb-14        LJ (SR)   Coulomb (SR)      Potential Pressure (bar)
    8.06727e+03    2.81247e+04   -1.27237e+05   -7.88367e+04    1.87946e+04

           Step           Time
              5        5.00000

           Step           Time
              6        6.00000

   Energies (kJ/mol)
           Bond          Angle    Proper Dih. Ryckaert-Bell.          LJ-14
    5.43051e+03    2.50346e+03    7.16039e+01    7.71180e+02    1.74731e+03
     Coulomb-14        LJ (SR)   Coulomb (SR)      Potential Pressure (bar)
    8.07069e+03    2.64203e+04   -1.28631e+05   -8.36163e+04    1.68533e+04

           Step           Time
              7        7.00000

   Energies (kJ/mol)
           Bond          Angle    Proper Dih. Ryckaert-Bell.          LJ-14
    9.41677e+03    3.44523e+03    6.88004e+01    7.79514e+02    1.67985e+03
     Coulomb-14        LJ (SR)   Coulomb (SR)      Potential Pressure (bar)
    8.07895e+03    2.44220e+04   -1.31563e+05   -8.36714e+04    1.23991e+04

           Step           Time
              8        8.00000

   Energies (kJ/mol)
           Bond          Angle    Proper Dih. Ryckaert-Bell.          LJ-14
    5.70542e+03    3.19176e+03    6.22150e+01    7.57792e+02    1.65389e+03
     Coulomb-14        LJ (SR)   Coulomb (SR)      Potential Pressure (bar)
    8.07862e+03    2.34262e+04   -1.32483e+05   -8.96073e+04    1.18105e+04

           Step           Time
              9        9.00000

           Step           Time
             10       10.00000

   Energies (kJ/mol)
           Bond          Angle    Proper Dih. Ryckaert-Bell.          LJ-14
    5.03574e+03    3.04604e+03    6.38880e+01    7.62174e+02    1.63639e+03
     Coulomb-14        LJ (SR)   Coulomb (SR)      Potential Pressure (bar)
    8.08018e+03    2.28716e+04   -1.33183e+05   -9.16867e+04    1.14888e+04

           Step           Time
             11       11.00000

           Step           Time
             12       12.00000

   Energies (kJ/mol)
           Bond          Angle    Proper Dih. Ryckaert-Bell.          LJ-14
    4.56377e+03    3.05057e+03    6.23894e+01    7.56115e+02    1.62223e+03
     Coulomb-14        LJ (SR)   Coulomb (SR)      Potential Pressure (bar)
    8.08018e+03    2.25674e+04   -1.33877e+05   -9.31744e+04    1.08460e+04

           Step           Time
             13       13.00000

   Energies (kJ/mol)
           Bond          Angle    Proper Dih. Ryckaert-Bell.          LJ-14
    5.65084e+03    3.29283e+03    6.39789e+01    7.61589e+02    1.59828e+03
     Coulomb-14        LJ (SR)   Coulomb (SR)      Potential Pressure (bar)
    8.08087e+03    2.19210e+04   -1.35254e+05   -9.38847e+04    9.87866e+03

           Step           Time
             14       14.00000

   Energies (kJ/mol)
           Bond          Angle    Proper Dih. Ryckaert-Bell.          LJ-14
    4.94687e+03    3.23994e+03    6.22470e+01    7.55747e+02    1.58777e+03
     Coulomb-14        LJ (SR)   Coulomb (SR)      Potential Pressure (bar)
    8.08233e+03    2.16828e+04   -1.35864e+05   -9.55058e+04    9.58142e+03

           Step           Time
             15       15.00000

           Step           Time
             16       16.00000

   Energies (kJ/mol)
           Bond          Angle    Proper Dih. Ryckaert-Bell.          LJ-14
    4.36715e+03    3.16829e+03    6.29719e+01    7.56737e+02    1.57502e+03
     Coulomb-14        LJ (SR)   Coulomb (SR)      Potential Pressure (bar)
    8.08165e+03    2.15076e+04   -1.36268e+05   -9.67487e+04    9.21359e+03

           Step           Time
             17       17.00000

   Energies (kJ/mol)
           Bond          Angle    Proper Dih. Ryckaert-Bell.          LJ-14
    4.96586e+03    3.28323e+03    6.17634e+01    7.55788e+02    1.55836e+03
     Coulomb-14        LJ (SR)   Coulomb (SR)      Potential Pressure (bar)
    8.08390e+03    2.10391e+04   -1.37493e+05   -9.77446e+04    8.12392e+03

           Step           Time
             18       18.00000

   Energies (kJ/mol)
           Bond          Angle    Proper Dih. Ryckaert-Bell.          LJ-14
    4.51107e+03    3.26083e+03    6.26979e+01    7.57086e+02    1.54442e+03
     Coulomb-14        LJ (SR)   Coulomb (SR)      Potential Pressure (bar)
    8.08242e+03    2.08908e+04   -1.37905e+05   -9.87961e+04    8.04232e+03

           Step           Time
             19       19.00000

   Energies (kJ/mol)
           Bond          Angle    Proper Dih. Ryckaert-Bell.          LJ-14
    5.34303e+03    3.33928e+03    6.15073e+01    7.56402e+02    1.53920e+03
     Coulomb-14        LJ (SR)   Coulomb (SR)      Potential Pressure (bar)
    8.08614e+03    2.06146e+04   -1.38666e+05   -9.89255e+04    7.39306e+03

           Step           Time
             20       20.00000

   Energies (kJ/mol)
           Bond          Angle    Proper Dih. Ryckaert-Bell.          LJ-14
    4.91020e+03    3.34378e+03    6.27635e+01    7.57847e+02    1.52271e+03
     Coulomb-14        LJ (SR)   Coulomb (SR)      Potential Pressure (bar)
    8.08305e+03    2.04907e+04   -1.39101e+05   -9.99304e+04    7.27955e+03

           Step           Time
             21       21.00000

           Step           Time
             22       22.00000

   Energies (kJ/mol)
           Bond          Angle    Proper Dih. Ryckaert-Bell.          LJ-14
    4.37423e+03    3.26425e+03    6.16630e+01    7.57070e+02    1.51816e+03
     Coulomb-14        LJ (SR)   Coulomb (SR)      Potential Pressure (bar)
    8.08534e+03    2.03740e+04   -1.39396e+05   -1.00961e+05    7.19285e+03

           Step           Time
             23       23.00000

   Energies (kJ/mol)
           Bond          Angle    Proper Dih. Ryckaert-Bell.          LJ-14
    5.50826e+03    3.41766e+03    6.25266e+01    7.58429e+02    1.50001e+03
     Coulomb-14        LJ (SR)   Coulomb (SR)      Potential Pressure (bar)
    8.08298e+03    2.01048e+04   -1.40423e+05   -1.00989e+05    6.41450e+03

           Step           Time
             24       24.00000

   Energies (kJ/mol)
           Bond          Angle    Proper Dih. Ryckaert-Bell.          LJ-14
    4.63669e+03    3.29758e+03    6.08923e+01    7.57718e+02    1.49605e+03
     Coulomb-14        LJ (SR)   Coulomb (SR)      Potential Pressure (bar)
    8.08712e+03    1.99844e+04   -1.40689e+05   -1.02368e+05    6.34562e+03

           Step           Time
             25       25.00000

           Step           Time
             26       26.00000

   Energies (kJ/mol)
           Bond          Angle    Proper Dih. Ryckaert-Bell.          LJ-14
    4.50251e+03    3.31140e+03    6.16197e+01    7.58503e+02    1.48667e+03
     Coulomb-14        LJ (SR)   Coulomb (SR)      Potential Pressure (bar)
    8.08501e+03    1.98995e+04   -1.41060e+05   -1.02955e+05    6.25958e+03

           Step           Time
             27       27.00000

   Energies (kJ/mol)
           Bond          Angle    Proper Dih. Ryckaert-Bell.          LJ-14
    4.98513e+03    3.32389e+03    6.04285e+01    7.58328e+02    1.48152e+03
     Coulomb-14        LJ (SR)   Coulomb (SR)      Potential Pressure (bar)
    8.08810e+03    1.97501e+04   -1.41546e+05   -1.03098e+05    5.92339e+03

           Step           Time
             28       28.00000

   Energies (kJ/mol)
           Bond          Angle    Proper Dih. Ryckaert-Bell.          LJ-14
    4.87346e+03    3.35752e+03    6.16416e+01    7.59257e+02    1.47176e+03
     Coulomb-14        LJ (SR)   Coulomb (SR)      Potential Pressure (bar)
    8.08555e+03    1.96791e+04   -1.41930e+05   -1.03641e+05    5.74342e+03

           Step           Time
             29       29.00000

           Step           Time
             30       30.00000

   Energies (kJ/mol)
           Bond          Angle    Proper Dih. Ryckaert-Bell.          LJ-14
    4.32728e+03    3.27963e+03    6.06980e+01    7.58985e+02    1.46749e+03
     Coulomb-14        LJ (SR)   Coulomb (SR)      Potential Pressure (bar)
    8.08719e+03    1.96061e+04   -1.42121e+05   -1.04533e+05    5.96480e+03

           Step           Time
             31       31.00000

   Energies (kJ/mol)
           Bond          Angle    Proper Dih. Ryckaert-Bell.          LJ-14
    5.10690e+03    3.37577e+03    6.08456e+01    7.60529e+02    1.44968e+03
     Coulomb-14        LJ (SR)   Coulomb (SR)      Potential Pressure (bar)
    8.08593e+03    1.93847e+04   -1.43191e+05   -1.04966e+05    5.08930e+03

           Step           Time
             32       32.00000

   Energies (kJ/mol)
           Bond          Angle    Proper Dih. Ryckaert-Bell.          LJ-14
    4.47254e+03    3.28766e+03    5.97450e+01    7.60145e+02    1.44490e+03
     Coulomb-14        LJ (SR)   Coulomb (SR)      Potential Pressure (bar)
    8.08826e+03    1.93052e+04   -1.43382e+05   -1.05963e+05    5.05120e+03

           Step           Time
             33       33.00000

           Step           Time
             34       34.00000

   Energies (kJ/mol)
           Bond          Angle    Proper Dih. Ryckaert-Bell.          LJ-14
    4.44580e+03    3.30306e+03    6.01715e+01    7.60918e+02    1.43939e+03
     Coulomb-14        LJ (SR)   Coulomb (SR)      Potential Pressure (bar)
    8.08734e+03    1.92509e+04   -1.43696e+05   -1.06348e+05    5.02287e+03

           Step           Time
             35       35.00000

   Energies (kJ/mol)
           Bond          Angle    Proper Dih. Ryckaert-Bell.          LJ-14
    4.61018e+03    3.29537e+03    5.95245e+01    7.60881e+02    1.43337e+03
     Coulomb-14        LJ (SR)   Coulomb (SR)      Potential Pressure (bar)
    8.08848e+03    1.91597e+04   -1.44039e+05   -1.06632e+05    4.90195e+03

           Step           Time
             36       36.00000

   Energies (kJ/mol)
           Bond          Angle    Proper Dih. Ryckaert-Bell.          LJ-14
    4.58452e+03    3.31954e+03    6.01862e+01    7.61678e+02    1.42832e+03
     Coulomb-14        LJ (SR)   Coulomb (SR)      Potential Pressure (bar)
    8.08755e+03    1.91145e+04   -1.44353e+05   -1.06997e+05    4.83612e+03

           Step           Time
             37       37.00000

   Energies (kJ/mol)
           Bond          Angle    Proper Dih. Ryckaert-Bell.          LJ-14
    4.86813e+03    3.31403e+03    5.94555e+01    7.61384e+02    1.42271e+03
     Coulomb-14        LJ (SR)   Coulomb (SR)      Potential Pressure (bar)
    8.08861e+03    1.90251e+04   -1.44658e+05   -1.07118e+05    4.64423e+03

           Step           Time
             38       38.00000

   Energies (kJ/mol)
           Bond          Angle    Proper Dih. Ryckaert-Bell.          LJ-14
    4.87714e+03    3.35130e+03    6.03879e+01    7.62430e+02    1.41825e+03
     Coulomb-14        LJ (SR)   Coulomb (SR)      Potential Pressure (bar)
    8.08737e+03    1.89949e+04   -1.44979e+05   -1.07427e+05    4.49988e+03

           Step           Time
             39       39.00000

           Step           Time
             40       40.00000

   Energies (kJ/mol)
           Bond          Angle    Proper Dih. Ryckaert-Bell.          LJ-14
    4.36947e+03    3.28377e+03    5.96942e+01    7.62152e+02    1.41392e+03
     Coulomb-14        LJ (SR)   Coulomb (SR)      Potential Pressure (bar)
    8.08810e+03    1.89431e+04   -1.45114e+05   -1.08194e+05    4.56809e+03

           Step           Time
             41       41.00000

   Energies (kJ/mol)
           Bond          Angle    Proper Dih. Ryckaert-Bell.          LJ-14
    5.14848e+03    3.37479e+03    5.99619e+01    7.63843e+02    1.39893e+03
     Coulomb-14        LJ (SR)   Coulomb (SR)      Potential Pressure (bar)
    8.08691e+03    1.87844e+04   -1.46125e+05   -1.08508e+05    3.79953e+03

           Step           Time
             42       42.00000

   Energies (kJ/mol)
           Bond          Angle    Proper Dih. Ryckaert-Bell.          LJ-14
    4.49812e+03    3.29119e+03    5.92032e+01    7.63386e+02    1.39381e+03
     Coulomb-14        LJ (SR)   Coulomb (SR)      Potential Pressure (bar)
    8.08807e+03    1.87229e+04   -1.46254e+05   -1.09437e+05    3.95389e+03

           Step           Time
             43       43.00000

           Step           Time
             44       44.00000

   Energies (kJ/mol)
           Bond          Angle    Proper Dih. Ryckaert-Bell.          LJ-14
    4.51504e+03    3.30608e+03    5.96058e+01    7.64142e+02    1.39034e+03
     Coulomb-14        LJ (SR)   Coulomb (SR)      Potential Pressure (bar)
    8.08767e+03    1.86900e+04   -1.46521e+05   -1.09708e+05    3.65823e+03

           Step           Time
             45       45.00000

   Energies (kJ/mol)
           Bond          Angle    Proper Dih. Ryckaert-Bell.          LJ-14
    4.62261e+03    3.29789e+03    5.91378e+01    7.64012e+02    1.38469e+03
     Coulomb-14        LJ (SR)   Coulomb (SR)      Potential Pressure (bar)
    8.08804e+03    1.86279e+04   -1.46765e+05   -1.09921e+05    3.65643e+03

           Step           Time
             46       46.00000

   Energies (kJ/mol)
           Bond          Angle    Proper Dih. Ryckaert-Bell.          LJ-14
    4.66442e+03    3.32332e+03    5.97034e+01    7.65002e+02    1.38218e+03
     Coulomb-14        LJ (SR)   Coulomb (SR)      Potential Pressure (bar)
    8.08783e+03    1.86054e+04   -1.47040e+05   -1.10152e+05    3.41443e+03

           Step           Time
             47       47.00000

   Energies (kJ/mol)
           Bond          Angle    Proper Dih. Ryckaert-Bell.          LJ-14
    4.88090e+03    3.31818e+03    5.90777e+01    7.64637e+02    1.37607e+03
     Coulomb-14        LJ (SR)   Coulomb (SR)      Potential Pressure (bar)
    8.08811e+03    1.85420e+04   -1.47264e+05   -1.10235e+05    3.29101e+03

           Step           Time
             48       48.00000

   Energies (kJ/mol)
           Bond          Angle    Proper Dih. Ryckaert-Bell.          LJ-14
    4.96636e+03    3.35722e+03    6.01652e+01    7.65940e+02    1.37473e+03
     Coulomb-14        LJ (SR)   Coulomb (SR)      Potential Pressure (bar)
    8.08815e+03    1.85310e+04   -1.47542e+05   -1.10399e+05    3.12189e+03

           Step           Time
             49       49.00000

           Step           Time
             50       50.00000

   Energies (kJ/mol)
           Bond          Angle    Proper Dih. Ryckaert-Bell.          LJ-14
    4.42114e+03    3.29091e+03    5.95593e+01    7.65607e+02    1.37008e+03
     Coulomb-14        LJ (SR)   Coulomb (SR)      Potential Pressure (bar)
    8.08820e+03    1.84899e+04   -1.47644e+05   -1.11158e+05    3.09906e+03

           Step           Time
             51       51.00000

   Energies (kJ/mol)
           Bond          Angle    Proper Dih. Ryckaert-Bell.          LJ-14
    5.24015e+03    3.38486e+03    6.00905e+01    7.67711e+02    1.35720e+03
     Coulomb-14        LJ (SR)   Coulomb (SR)      Potential Pressure (bar)
    8.08793e+03    1.83808e+04   -1.48596e+05   -1.11317e+05    2.36896e+03

           Step           Time
             52       52.00000

   Energies (kJ/mol)
           Bond          Angle    Proper Dih. Ryckaert-Bell.          LJ-14
    4.54794e+03    3.30484e+03    5.94679e+01    7.67151e+02    1.35131e+03
     Coulomb-14        LJ (SR)   Coulomb (SR)      Potential Pressure (bar)
    8.08824e+03    1.83316e+04   -1.48696e+05   -1.12245e+05    2.31046e+03

           Step           Time
             53       53.00000

           Step           Time
             54       54.00000

   Energies (kJ/mol)
           Bond          Angle    Proper Dih. Ryckaert-Bell.          LJ-14
    4.58418e+03    3.31968e+03    5.98483e+01    7.68042e+02    1.34975e+03
     Coulomb-14        LJ (SR)   Coulomb (SR)      Potential Pressure (bar)
    8.08835e+03    1.83105e+04   -1.48927e+05   -1.12447e+05    2.19837e+03

           Step           Time
             55       55.00000

   Energies (kJ/mol)
           Bond          Angle    Proper Dih. Ryckaert-Bell.          LJ-14
    4.67997e+03    3.31383e+03    5.95760e+01    7.67783e+02    1.34407e+03
     Coulomb-14        LJ (SR)   Coulomb (SR)      Potential Pressure (bar)
    8.08796e+03    1.82667e+04   -1.49117e+05   -1.12597e+05    2.00870e+03

           Step           Time
             56       56.00000

   Energies (kJ/mol)
           Bond          Angle    Proper Dih. Ryckaert-Bell.          LJ-14
    4.74213e+03    3.33548e+03    6.03096e+01    7.68793e+02    1.34376e+03
     Coulomb-14        LJ (SR)   Coulomb (SR)      Potential Pressure (bar)
    8.08842e+03    1.82553e+04   -1.49351e+05   -1.12757e+05    1.77620e+03

           Step           Time
             57       57.00000

   Energies (kJ/mol)
           Bond          Angle    Proper Dih. Ryckaert-Bell.          LJ-14
    4.94919e+03    3.33559e+03    5.96375e+01    7.68252e+02    1.33716e+03
     Coulomb-14        LJ (SR)   Coulomb (SR)      Potential Pressure (bar)
    8.08773e+03    1.82102e+04   -1.49530e+05   -1.12782e+05    1.84209e+03

           Step           Time
             58       58.00000

   Energies (kJ/mol)
           Bond          Angle    Proper Dih. Ryckaert-Bell.          LJ-14
    5.07779e+03    3.37170e+03    6.08752e+01    7.69570e+02    1.33878e+03
     Coulomb-14        LJ (SR)   Coulomb (SR)      Potential Pressure (bar)
    8.08869e+03    1.82090e+04   -1.49771e+05   -1.12854e+05    1.60261e+03

           Step           Time
             59       59.00000

           Step           Time
             60       60.00000

   Energies (kJ/mol)
           Bond          Angle    Proper Dih. Ryckaert-Bell.          LJ-14
    4.46922e+03    3.30292e+03    6.01430e+01    7.69159e+02    1.33363e+03
     Coulomb-14        LJ (SR)   Coulomb (SR)      Potential Pressure (bar)
    8.08809e+03    1.81753e+04   -1.49849e+05   -1.13650e+05    1.74854e+03

           Step           Time
             61       61.00000

           Step           Time
             62       62.00000

   Energies (kJ/mol)
           Bond          Angle    Proper Dih. Ryckaert-Bell.          LJ-14
    4.63105e+03    3.32613e+03    6.02723e+01    7.70149e+02    1.32904e+03
     Coulomb-14        LJ (SR)   Coulomb (SR)      Potential Pressure (bar)
    8.08776e+03    1.81359e+04   -1.50279e+05   -1.13938e+05    1.49221e+03

           Step           Time
             63       63.00000

   Energies (kJ/mol)
           Bond          Angle    Proper Dih. Ryckaert-Bell.          LJ-14
    4.52660e+03    3.30830e+03    5.98275e+01    7.69870e+02    1.32468e+03
     Coulomb-14        LJ (SR)   Coulomb (SR)      Potential Pressure (bar)
    8.08755e+03    1.81095e+04   -1.50406e+05   -1.14220e+05    1.12503e+03

           Step           Time
             64       64.00000

   Energies (kJ/mol)
           Bond          Angle    Proper Dih. Ryckaert-Bell.          LJ-14
    4.75961e+03    3.33923e+03    6.02417e+01    7.70799e+02    1.32333e+03
     Coulomb-14        LJ (SR)   Coulomb (SR)      Potential Pressure (bar)
    8.08792e+03    1.80921e+04   -1.50707e+05   -1.14274e+05    1.02251e+03

           Step           Time
             65       65.00000

   Energies (kJ/mol)
           Bond          Angle    Proper Dih. Ryckaert-Bell.          LJ-14
    4.64107e+03    3.31633e+03    5.95644e+01    7.70399e+02    1.31803e+03
     Coulomb-14        LJ (SR)   Coulomb (SR)      Potential Pressure (bar)
    8.08727e+03    1.80591e+04   -1.50824e+05   -1.14572e+05    1.03114e+03

           Step           Time
             66       66.00000

           Step           Time
             67       67.00000

   Energies (kJ/mol)
           Bond          Angle    Proper Dih. Ryckaert-Bell.          LJ-14
    4.50393e+03    3.31198e+03    5.99195e+01    7.70920e+02    1.31808e+03
     Coulomb-14        LJ (SR)   Coulomb (SR)      Potential Pressure (bar)
    8.08769e+03    1.80540e+04   -1.50958e+05   -1.14851e+05    7.92020e+02

           Step           Time
             68       68.00000

   Energies (kJ/mol)
           Bond          Angle    Proper Dih. Ryckaert-Bell.          LJ-14
    4.77486e+03    3.32812e+03    5.94246e+01    7.70966e+02    1.31089e+03
     Coulomb-14        LJ (SR)   Coulomb (SR)      Potential Pressure (bar)
    8.08676e+03    1.80070e+04   -1.51303e+05   -1.14964e+05    8.07233e+02

           Step           Time
             69       69.00000

   Energies (kJ/mol)
           Bond          Angle    Proper Dih. Ryckaert-Bell.          LJ-14
    4.56860e+03    3.32026e+03    6.00650e+01    7.71682e+02    1.31163e+03
     Coulomb-14        LJ (SR)   Coulomb (SR)      Potential Pressure (bar)
    8.08772e+03    1.80061e+04   -1.51453e+05   -1.15327e+05    6.86143e+02

           Step           Time
             70       70.00000

           Step           Time
             71       71.00000

   Energies (kJ/mol)
           Bond          Angle    Proper Dih. Ryckaert-Bell.          LJ-14
    4.54791e+03    3.31355e+03    5.96522e+01    7.71521e+02    1.30788e+03
     Coulomb-14        LJ (SR)   Coulomb (SR)      Potential Pressure (bar)
    8.08716e+03    1.79836e+04   -1.51586e+05   -1.15515e+05    7.70030e+02

           Step           Time
             72       72.00000

   Energies (kJ/mol)
           Bond          Angle    Proper Dih. Ryckaert-Bell.          LJ-14
    4.63413e+03    3.32654e+03    6.01405e+01    7.72200e+02    1.30710e+03
     Coulomb-14        LJ (SR)   Coulomb (SR)      Potential Pressure (bar)
    8.08792e+03    1.79702e+04   -1.51809e+05   -1.15651e+05    3.43042e+02

           Step           Time
             73       73.00000

   Energies (kJ/mol)
           Bond          Angle    Proper Dih. Ryckaert-Bell.          LJ-14
    4.62956e+03    3.31832e+03    5.96633e+01    7.71962e+02    1.30237e+03
     Coulomb-14        LJ (SR)   Coulomb (SR)      Potential Pressure (bar)
    8.08712e+03    1.79445e+04   -1.51946e+05   -1.15832e+05    3.88790e+02

           Step           Time
             74       74.00000

   Energies (kJ/mol)
           Bond          Angle    Proper Dih. Ryckaert-Bell.          LJ-14
    4.75763e+03    3.33957e+03    6.05066e+01    7.72720e+02    1.30292e+03
     Coulomb-14        LJ (SR)   Coulomb (SR)      Potential Pressure (bar)
    8.08819e+03    1.79376e+04   -1.52156e+05   -1.15897e+05    1.52840e+02

           Step           Time
             75       75.00000

   Energies (kJ/mol)
           Bond          Angle    Proper Dih. Ryckaert-Bell.          LJ-14
    4.78969e+03    3.33113e+03    5.96880e+01    7.72227e+02    1.29713e+03
     Coulomb-14        LJ (SR)   Coulomb (SR)      Potential Pressure (bar)
    8.08719e+03    1.79062e+04   -1.52283e+05   -1.16040e+05    1.42662e+02

           Step           Time
             76       76.00000

           Step           Time
             77       77.00000

   Energies (kJ/mol)
           Bond          Angle    Proper Dih. Ryckaert-Bell.          LJ-14
    4.53052e+03    3.31545e+03    6.01525e+01    7.72783e+02    1.29788e+03
     Coulomb-14        LJ (SR)   Coulomb (SR)      Potential Pressure (bar)
    8.08796e+03    1.79029e+04   -1.52389e+05   -1.16421e+05    1.08411e+02

           Step           Time
             78       78.00000

   Energies (kJ/mol)
           Bond          Angle    Proper Dih. Ryckaert-Bell.          LJ-14
    4.99849e+03    3.35323e+03    5.96559e+01    7.73112e+02    1.28700e+03
     Coulomb-14        LJ (SR)   Coulomb (SR)      Potential Pressure (bar)
    8.08730e+03    1.78385e+04   -1.53009e+05   -1.16611e+05   -3.30016e+02

           Step           Time
             79       79.00000

   Energies (kJ/mol)
           Bond          Angle    Proper Dih. Ryckaert-Bell.          LJ-14
    4.58758e+03    3.32698e+03    6.04156e+01    7.73812e+02    1.28835e+03
     Coulomb-14        LJ (SR)   Coulomb (SR)      Potential Pressure (bar)
    8.08847e+03    1.78369e+04   -1.53127e+05   -1.17164e+05   -1.89236e+02

           Step           Time
             80       80.00000

           Step           Time
             81       81.00000

   Energies (kJ/mol)
           Bond          Angle    Proper Dih. Ryckaert-Bell.          LJ-14
    4.65270e+03    3.32663e+03    5.98644e+01    7.73657e+02    1.28394e+03
     Coulomb-14        LJ (SR)   Coulomb (SR)      Potential Pressure (bar)
    8.08772e+03    1.78119e+04   -1.53288e+05   -1.17292e+05   -5.11678e+02

           Step           Time
             82       82.00000

   Energies (kJ/mol)
           Bond          Angle    Proper Dih. Ryckaert-Bell.          LJ-14
    4.64090e+03    3.33301e+03    6.05140e+01    7.74254e+02    1.28445e+03
     Coulomb-14        LJ (SR)   Coulomb (SR)      Potential Pressure (bar)
    8.08836e+03    1.78074e+04   -1.53439e+05   -1.17450e+05   -6.26967e+02

           Step           Time
             83       83.00000

   Energies (kJ/mol)
           Bond          Angle    Proper Dih. Ryckaert-Bell.          LJ-14
    4.76837e+03    3.33697e+03    6.00083e+01    7.73906e+02    1.27930e+03
     Coulomb-14        LJ (SR)   Coulomb (SR)      Potential Pressure (bar)
    8.08736e+03    1.77823e+04   -1.53591e+05   -1.17503e+05   -5.40704e+02

           Step           Time
             84       84.00000

   Energies (kJ/mol)
           Bond          Angle    Proper Dih. Ryckaert-Bell.          LJ-14
    4.75897e+03    3.34796e+03    6.08317e+01    7.74702e+02    1.28107e+03
     Coulomb-14        LJ (SR)   Coulomb (SR)      Potential Pressure (bar)
    8.08849e+03    1.77808e+04   -1.53752e+05   -1.17660e+05   -7.50459e+02

           Step           Time
             85       85.00000

           Step           Time
             86       86.00000

   Energies (kJ/mol)
           Bond          Angle    Proper Dih. Ryckaert-Bell.          LJ-14
    4.56827e+03    3.32590e+03    6.03290e+01    7.74423e+02    1.27758e+03
     Coulomb-14        LJ (SR)   Coulomb (SR)      Potential Pressure (bar)
    8.08784e+03    1.77645e+04   -1.53822e+05   -1.17963e+05   -6.29324e+02

           Step           Time
             87       87.00000

   Energies (kJ/mol)
           Bond          Angle    Proper Dih. Ryckaert-Bell.          LJ-14
    4.88246e+03    3.36352e+03    6.05357e+01    7.75224e+02    1.27496e+03
     Coulomb-14        LJ (SR)   Coulomb (SR)      Potential Pressure (bar)
    8.08821e+03    1.77430e+04   -1.54262e+05   -1.18074e+05   -8.05710e+02

           Step           Time
             88       88.00000

   Energies (kJ/mol)
           Bond          Angle    Proper Dih. Ryckaert-Bell.          LJ-14
    4.63257e+03    3.33462e+03    5.99331e+01    7.74722e+02    1.27041e+03
     Coulomb-14        LJ (SR)   Coulomb (SR)      Potential Pressure (bar)
    8.08742e+03    1.77222e+04   -1.54335e+05   -1.18453e+05   -9.68238e+02

           Step           Time
             89       89.00000

           Step           Time
             90       90.00000

   Energies (kJ/mol)
           Bond          Angle    Proper Dih. Ryckaert-Bell.          LJ-14
    4.62478e+03    3.33839e+03    6.03007e+01    7.75018e+02    1.27068e+03
     Coulomb-14        LJ (SR)   Coulomb (SR)      Potential Pressure (bar)
    8.08790e+03    1.77180e+04   -1.54470e+05   -1.18595e+05   -1.04330e+03

           Step           Time
             91       91.00000

   Energies (kJ/mol)
           Bond          Angle    Proper Dih. Ryckaert-Bell.          LJ-14
    4.70508e+03    3.34158e+03    5.97107e+01    7.74690e+02    1.26631e+03
     Coulomb-14        LJ (SR)   Coulomb (SR)      Potential Pressure (bar)
    8.08713e+03    1.76973e+04   -1.54618e+05   -1.18687e+05   -9.32754e+02


DD  step 91 load imb.: force 12.7%
           Step           Time
             92       92.00000

   Energies (kJ/mol)
           Bond          Angle    Proper Dih. Ryckaert-Bell.          LJ-14
    4.69162e+03    3.34721e+03    6.02914e+01    7.75166e+02    1.26753e+03
     Coulomb-14        LJ (SR)   Coulomb (SR)      Potential Pressure (bar)
    8.08804e+03    1.76981e+04   -1.54762e+05   -1.18834e+05   -1.22488e+03

           Step           Time
             93       93.00000

   Energies (kJ/mol)
           Bond          Angle    Proper Dih. Ryckaert-Bell.          LJ-14
    4.84678e+03    3.35389e+03    5.97523e+01    7.74712e+02    1.26233e+03
     Coulomb-14        LJ (SR)   Coulomb (SR)      Potential Pressure (bar)
    8.08697e+03    1.76756e+04   -1.54901e+05   -1.18841e+05   -9.77224e+02

           Step           Time
             94       94.00000

   Energies (kJ/mol)
           Bond          Angle    Proper Dih. Ryckaert-Bell.          LJ-14
    4.82062e+03    3.36134e+03    6.05634e+01    7.75400e+02    1.26493e+03
     Coulomb-14        LJ (SR)   Coulomb (SR)      Potential Pressure (bar)
    8.08830e+03    1.76804e+04   -1.55045e+05   -1.18993e+05   -1.22562e+03

           Step           Time
             95       95.00000

           Step           Time
             96       96.00000

   Energies (kJ/mol)
           Bond          Angle    Proper Dih. Ryckaert-Bell.          LJ-14
    4.60843e+03    3.33778e+03    6.01043e+01    7.75082e+02    1.26130e+03
     Coulomb-14        LJ (SR)   Coulomb (SR)      Potential Pressure (bar)
    8.08753e+03    1.76639e+04   -1.55109e+05   -1.19315e+05   -1.15154e+03

           Step           Time
             97       97.00000

   Energies (kJ/mol)
           Bond          Angle    Proper Dih. Ryckaert-Bell.          LJ-14
    4.95752e+03    3.37763e+03    6.07786e+01    7.75722e+02    1.26000e+03
     Coulomb-14        LJ (SR)   Coulomb (SR)      Potential Pressure (bar)
    8.08810e+03    1.76547e+04   -1.55497e+05   -1.19323e+05   -1.29421e+03

           Step           Time
             98       98.00000

   Energies (kJ/mol)
           Bond          Angle    Proper Dih. Ryckaert-Bell.          LJ-14
    4.68207e+03    3.34663e+03    6.01711e+01    7.75190e+02    1.25513e+03
     Coulomb-14        LJ (SR)   Coulomb (SR)      Potential Pressure (bar)
    8.08720e+03    1.76315e+04   -1.55564e+05   -1.19726e+05   -1.21272e+03

           Step           Time
             99       99.00000

           Step           Time
            100      100.00000

   Energies (kJ/mol)
           Bond          Angle    Proper Dih. Ryckaert-Bell.          LJ-14
    4.66715e+03    3.35051e+03    6.04686e+01    7.75512e+02    1.25594e+03
     Coulomb-14        LJ (SR)   Coulomb (SR)      Potential Pressure (bar)
    8.08783e+03    1.76293e+04   -1.55686e+05   -1.19860e+05   -1.10070e+03


Energy minimization reached the maximum number of steps before the forces
reached the requested precision Fmax < 1e-05.

Steepest Descents did not converge to Fmax < 1e-05 in 101 steps.
Potential Energy  = -1.1985980e+05
Maximum force     =  8.7623887e+03 on atom 403
Norm of force     =  1.9686220e+02

    D O M A I N   D E C O M P O S I T I O N   S T A T I S T I C S

 av. #atoms communicated per step for force:  2 x 6527.9

Finished mdrun on rank 0 Mon Jul 20 14:50:43 2026

