                      :-) GROMACS - gmx mdrun, 2024.5 (-:

Copyright 1991-2024 The GROMACS Authors.
GROMACS is free software; you can redistribute it and/or modify it
under the terms of the GNU Lesser General Public License
as published by the Free Software Foundation; either version 2.1
of the License, or (at your option) any later version.

                         Current GROMACS contributors:
       Mark Abraham           Andrey Alekseenko           Vladimir Basov      
      Cathrine Bergh            Eliane Briand               Ania Brown        
      Mahesh Doijade            Giacomo Fiorin          Stefan Fleischmann    
      Sergey Gorelov         Gilles Gouaillardet            Alan Gray         
     M. Eric Irrgang         Farzaneh Jalalypour            Joe Jordan        
     Carsten Kutzner           Justin A. Lemkul          Magnus Lundborg      
       Pascal Merz              Vedran Miletic            Dmitry Morozov      
       Julien Nabet              Szilard Pall        Andrea Pasquadibisceglie 
    Michele Pellegrino          Hubert Santuz             Roland Schulz       
     Tatiana Shugaeva          Alexey Shvetsov            Philip Turner       
     Alessandra Villa      Sebastian Wingbermuehle  

                         Previous GROMACS contributors:
        Emile Apol             Rossen Apostolov           James Barnett       
        Paul Bauer          Herman J.C. Berendsen          Par Bjelkmar       
      Christian Blau          Viacheslav Bolnykh            Kevin Boyd        
    Aldert van Buuren          Carlo Camilloni           Rudi van Drunen      
      Anton Feenstra           Oliver Fleetwood            Vytas Gapsys       
       Gaurav Garg             Gerrit Groenhof            Bert de Groot       
      Anca Hamuraru           Vincent Hindriksen          Victor Holanda      
     Aleksei Iupinov          Christoph Junghans        Prashanth Kanduri     
   Dimitrios Karkoulis           Peter Kasson             Sebastian Kehl      
     Sebastian Keller             Jiri Kraus               Per Larsson        
      Viveca Lindahl            Erik Marklund           Pieter Meulenhoff     
      Teemu Murtola              Sander Pronk             Michael Shirts      
      Alfons Sijbers            Balint Soproni         David van der Spoel    
      Peter Tieleman            Carsten Uphoff             Jon Vincent        
     Teemu Virolainen         Christian Wennberg           Maarten Wolf       
      Artem Zhmurov       

                  Coordinated by the GROMACS project leaders:
                           Berk Hess and Erik Lindahl

GROMACS:      gmx mdrun, version 2024.5
Executable:   /opt/bwhpc/common/chem/gromacs/2024.5-gnu-13.3-cuda-12.8/bin/gmx
Data prefix:  /opt/bwhpc/common/chem/gromacs/2024.5-gnu-13.3-cuda-12.8
Working dir:  /gpfs/bwfor/work/ws/hd_vy285-igem26_vy285_restored/hd_vy285-igem26_vy285-1780848003/gromacs/assignment2_proteinG/run_oplsaa_smoke
Process ID:   2860366
Command line:
  gmx mdrun -v -deffnm md

GROMACS version:     2024.5
Precision:           mixed
Memory model:        64 bit
MPI library:         thread_mpi
OpenMP support:      enabled (GMX_OPENMP_MAX_THREADS = 128)
GPU support:         CUDA
NBNxM GPU setup:     super-cluster 2x2x2 / cluster 8
SIMD instructions:   AVX2_256
CPU FFT library:     fftw-3.3.8-sse2-avx-avx2-avx2_128
GPU FFT library:     cuFFT
Multi-GPU FFT:       none
RDTSCP usage:        enabled
TNG support:         enabled
Hwloc support:       disabled
Tracing support:     disabled
C compiler:          /opt/bwhpc/common/compiler/gnu/13.3.0/bin/gcc GNU 13.3.0
C compiler flags:    -fexcess-precision=fast -funroll-all-loops -mavx2 -mfma -Wno-missing-field-initializers -O3 -DNDEBUG
C++ compiler:        /opt/bwhpc/common/compiler/gnu/13.3.0/bin/g++ GNU 13.3.0
C++ compiler flags:  -fexcess-precision=fast -funroll-all-loops -mavx2 -mfma -Wno-missing-field-initializers -Wno-cast-function-type-strict -fopenmp -O3 -DNDEBUG
BLAS library:        Internal
LAPACK library:      Internal
CUDA compiler:       /opt/bwhpc/common/devel/cuda/12.8.1/bin/nvcc nvcc: NVIDIA (R) Cuda compiler driver;Copyright (c) 2005-2025 NVIDIA Corporation;Built on Fri_Feb_21_20:23:50_PST_2025;Cuda compilation tools, release 12.8, V12.8.93;Build cuda_12.8.r12.8/compiler.35583870_0
CUDA compiler flags:-std=c++17;--generate-code=arch=compute_50,code=sm_50;--generate-code=arch=compute_52,code=sm_52;--generate-code=arch=compute_60,code=sm_60;--generate-code=arch=compute_61,code=sm_61;--generate-code=arch=compute_70,code=sm_70;--generate-code=arch=compute_75,code=sm_75;--generate-code=arch=compute_80,code=sm_80;--generate-code=arch=compute_86,code=sm_86;--generate-code=arch=compute_89,code=sm_89;--generate-code=arch=compute_90,code=sm_90;-Wno-deprecated-gpu-targets;--generate-code=arch=compute_53,code=sm_53;--generate-code=arch=compute_80,code=sm_80;-use_fast_math;-Xptxas;-warn-double-usage;-Xptxas;-Werror;-D_FORCE_INLINES;-Xcompiler;-fopenmp;-fexcess-precision=fast -funroll-all-loops -mavx2 -mfma -Wno-missing-field-initializers -Wno-cast-function-type-strict -fopenmp -O3 -DNDEBUG
CUDA driver:         13.30
CUDA runtime:        12.80


Running on 1 node with total 4 cores, 4 processing units (GPU detection failed)
Hardware detected on host m10n17:
  CPU info:
    Vendor: AMD
    Brand:  AMD EPYC 7513 32-Core Processor                
    Family: 25   Model: 1   Stepping: 1
    Features: aes amd apic avx avx2 clfsh cmov cx8 cx16 f16c fma htt lahf misalignsse mmx msr nonstop_tsc pcid pclmuldq pdpe1gb popcnt pse rdrnd rdtscp sha sse2 sse3 sse4a sse4.1 sse4.2 ssse3 x2apic
  Hardware topology: Basic
    Packages, cores, and logical processors:
    [indices refer to OS logical processors]
      Package  0: [   7]
      Package  1: [  37] [  38] [  44]
    CPU limit set by OS: -1   Recommended max number of threads: 4


++++ PLEASE READ AND CITE THE FOLLOWING REFERENCE ++++
M. J. Abraham, T. Murtola, R. Schulz, S. Páll, J. C. Smith, B. Hess, E.
Lindahl
GROMACS: High performance molecular simulations through multi-level
parallelism from laptops to supercomputers
SoftwareX 1 (2015) pp. 19-25
-------- -------- --- Thank You --- -------- --------


++++ PLEASE READ AND CITE THE FOLLOWING REFERENCE ++++
S. Páll, M. J. Abraham, C. Kutzner, B. Hess, E. Lindahl
Tackling Exascale Software Challenges in Molecular Dynamics Simulations with
GROMACS
In S. Markidis & E. Laure (Eds.), Solving Software Challenges for Exascale 8759 (2015) pp. 3-27
-------- -------- --- Thank You --- -------- --------


++++ PLEASE READ AND CITE THE FOLLOWING REFERENCE ++++
S. Pronk, S. Páll, R. Schulz, P. Larsson, P. Bjelkmar, R. Apostolov, M. R.
Shirts, J. C. Smith, P. M. Kasson, D. van der Spoel, B. Hess, and E. Lindahl
GROMACS 4.5: a high-throughput and highly parallel open source molecular
simulation toolkit
Bioinformatics 29 (2013) pp. 845-54
-------- -------- --- Thank You --- -------- --------


++++ PLEASE READ AND CITE THE FOLLOWING REFERENCE ++++
B. Hess and C. Kutzner and D. van der Spoel and E. Lindahl
GROMACS 4: Algorithms for highly efficient, load-balanced, and scalable
molecular simulation
J. Chem. Theory Comput. 4 (2008) pp. 435-447
-------- -------- --- Thank You --- -------- --------


++++ PLEASE READ AND CITE THE FOLLOWING REFERENCE ++++
D. van der Spoel, E. Lindahl, B. Hess, G. Groenhof, A. E. Mark and H. J. C.
Berendsen
GROMACS: Fast, Flexible and Free
J. Comp. Chem. 26 (2005) pp. 1701-1719
-------- -------- --- Thank You --- -------- --------


++++ PLEASE READ AND CITE THE FOLLOWING REFERENCE ++++
E. Lindahl and B. Hess and D. van der Spoel
GROMACS 3.0: A package for molecular simulation and trajectory analysis
J. Mol. Mod. 7 (2001) pp. 306-317
-------- -------- --- Thank You --- -------- --------


++++ PLEASE READ AND CITE THE FOLLOWING REFERENCE ++++
H. J. C. Berendsen, D. van der Spoel and R. van Drunen
GROMACS: A message-passing parallel molecular dynamics implementation
Comp. Phys. Comm. 91 (1995) pp. 43-56
-------- -------- --- Thank You --- -------- --------


++++ PLEASE CITE THE DOI FOR THIS VERSION OF GROMACS ++++
https://doi.org/10.5281/zenodo.14732103
-------- -------- --- Thank You --- -------- --------


The number of OpenMP threads was set by environment variable OMP_NUM_THREADS to 1

Input Parameters:
   integrator                     = md
   tinit                          = 0
   dt                             = 0.002
   nsteps                         = 5000
   init-step                      = 0
   simulation-part                = 1
   mts                            = false
   mass-repartition-factor        = 1
   comm-mode                      = Linear
   nstcomm                        = 1
   bd-fric                        = 0
   ld-seed                        = 1993
   emtol                          = 1e-06
   emstep                         = 0.01
   niter                          = 100
   fcstep                         = 0
   nstcgsteep                     = 1000
   nbfgscorr                      = 10
   rtpi                           = 0.05
   nstxout                        = 5000
   nstvout                        = 5000
   nstfout                        = 0
   nstlog                         = 100
   nstcalcenergy                  = 100
   nstenergy                      = 100
   nstxout-compressed             = 100
   compressed-x-precision         = 1000
   cutoff-scheme                  = Verlet
   nstlist                        = 10
   pbc                            = xyz
   periodic-molecules             = false
   verlet-buffer-tolerance        = 0.005
   verlet-buffer-pressure-tolerance = 0.5
   rlist                          = 1
   coulombtype                    = PME
   coulomb-modifier               = Potential-shift
   rcoulomb-switch                = 0
   rcoulomb                       = 1
   epsilon-r                      = 1
   epsilon-rf                     = inf
   vdw-type                       = Cut-off
   vdw-modifier                   = Potential-shift
   rvdw-switch                    = 0
   rvdw                           = 1
   DispCorr                       = No
   table-extension                = 1
   fourierspacing                 = 0.12
   fourier-nx                     = 40
   fourier-ny                     = 32
   fourier-nz                     = 42
   pme-order                      = 4
   ewald-rtol                     = 1e-05
   ewald-rtol-lj                  = 0.001
   lj-pme-comb-rule               = Geometric
   ewald-geometry                 = 3d
   epsilon-surface                = 0
   ensemble-temperature-setting   = constant
   ensemble-temperature           = 300
   tcoupl                         = Berendsen
   nsttcouple                     = 10
   nh-chain-length                = 0
   print-nose-hoover-chain-variables = false
   pcoupl                         = Berendsen
   pcoupltype                     = Isotropic
   nstpcouple                     = 100
   tau-p                          = 1
   compressibility (3x3):
      compressibility[    0]={ 4.50000e-05,  0.00000e+00,  0.00000e+00}
      compressibility[    1]={ 0.00000e+00,  4.50000e-05,  0.00000e+00}
      compressibility[    2]={ 0.00000e+00,  0.00000e+00,  4.50000e-05}
   ref-p (3x3):
      ref-p[    0]={ 1.00000e+00,  0.00000e+00,  0.00000e+00}
      ref-p[    1]={ 0.00000e+00,  1.00000e+00,  0.00000e+00}
      ref-p[    2]={ 0.00000e+00,  0.00000e+00,  1.00000e+00}
   refcoord-scaling               = No
   posres-com (3):
      posres-com[0]= 0.00000e+00
      posres-com[1]= 0.00000e+00
      posres-com[2]= 0.00000e+00
   posres-comB (3):
      posres-comB[0]= 0.00000e+00
      posres-comB[1]= 0.00000e+00
      posres-comB[2]= 0.00000e+00
   QMMM                           = false
qm-opts:
   ngQM                           = 0
   constraint-algorithm           = Lincs
   continuation                   = false
   Shake-SOR                      = false
   shake-tol                      = 0.0001
   lincs-order                    = 4
   lincs-iter                     = 1
   lincs-warnangle                = 30
   nwall                          = 0
   wall-type                      = 9-3
   wall-r-linpot                  = -1
   wall-atomtype[0]               = -1
   wall-atomtype[1]               = -1
   wall-density[0]                = 0
   wall-density[1]                = 0
   wall-ewald-zfac                = 3
   pull                           = false
   awh                            = false
   rotation                       = false
   interactiveMD                  = false
   disre                          = No
   disre-weighting                = Equal
   disre-mixed                    = false
   dr-fc                          = 1000
   dr-tau                         = 1.25
   nstdisreout                    = 100
   orire-fc                       = 0
   orire-tau                      = 0
   nstorireout                    = 100
   free-energy                    = no
   cos-acceleration               = 0
   deform (3x3):
      deform[    0]={ 0.00000e+00,  0.00000e+00,  0.00000e+00}
      deform[    1]={ 0.00000e+00,  0.00000e+00,  0.00000e+00}
      deform[    2]={ 0.00000e+00,  0.00000e+00,  0.00000e+00}
   simulated-tempering            = false
   swapcoords                     = no
   userint1                       = 0
   userint2                       = 0
   userint3                       = 0
   userint4                       = 0
   userreal1                      = 0
   userreal2                      = 0
   userreal3                      = 0
   userreal4                      = 0
   applied-forces:
     electric-field:
       x:
         E0                       = 0
         omega                    = 0
         t0                       = 0
         sigma                    = 0
       y:
         E0                       = 0
         omega                    = 0
         t0                       = 0
         sigma                    = 0
       z:
         E0                       = 0
         omega                    = 0
         t0                       = 0
         sigma                    = 0
     density-guided-simulation:
       active                     = false
       group                      = protein
       similarity-measure         = inner-product
       atom-spreading-weight      = unity
       force-constant             = 1e+09
       gaussian-transform-spreading-width = 0.2
       gaussian-transform-spreading-range-in-multiples-of-width = 4
       reference-density-filename = reference.mrc
       nst                        = 1
       normalize-densities        = true
       adaptive-force-scaling     = false
       adaptive-force-scaling-time-constant = 4
       shift-vector               = 
       transformation-matrix      = 
     qmmm-cp2k:
       active                     = false
       qmgroup                    = System
       qmmethod                   = PBE
       qmfilenames                = 
       qmcharge                   = 0
       qmmultiplicity             = 1
     colvars:
       active                     = false
       configfile                 = 
       seed                       = -1
grpopts:
   nrdf:       14973
   ref-t:         300
   tau-t:         0.1
annealing:          No
annealing-npoints:           0
   acc:	           0           0           0
   nfreeze:           N           N           N
   energygrp-flags[  0]: 0

Changing nstlist from 10 to 50, rlist from 1 to 1.107

Update groups can not be used for this system because there are three or more consecutively coupled constraints

Initializing Domain Decomposition on 4 ranks
Dynamic load balancing: auto
Minimum cell size due to atom displacement: 0.461 nm
Initial maximum distances in bonded interactions:
    two-body bonded interactions: 0.398 nm, LJ-14, atoms 804 808
  multi-body bonded interactions: 0.398 nm, Ryckaert-Bell., atoms 808 804
Minimum cell size due to bonded interactions: 0.438 nm
Maximum distance for 5 constraints, at 120 deg. angles, all-trans: 0.820 nm
Estimated maximum distance required for P-LINCS: 0.820 nm
This distance will limit the DD cell size, you can override this with -rcon
Scaling the initial minimum size with 1/0.8 (option -dds) = 1.25
Using 0 separate PME ranks because: there are too few total ranks for efficient splitting
Optimizing the DD grid for 4 cells with a minimum initial size of 1.025 nm
The maximum allowed number of cells is: X 4 Y 3 Z 4
Domain decomposition grid 4 x 1 x 1, separate PME ranks 0
PME domain decomposition: 4 x 1 x 1
Domain decomposition rank 0, coordinates 0 0 0

The initial number of communication pulses is: X 1
The initial domain decomposition cell size is: X 1.11 nm

The maximum allowed distance for atoms involved in interactions is:
                 non-bonded interactions           1.107 nm
(the following are initial values, they could change due to box deformation)
            two-body bonded interactions  (-rdd)   1.107 nm
          multi-body bonded interactions  (-rdd)   1.107 nm
  atoms separated by up to 5 constraints  (-rcon)  1.109 nm

When dynamic load balancing gets turned on, these settings will change to:
The maximum number of communication pulses is: X 2
The minimum size for domain decomposition cells is 0.820 nm
The requested allowed shrink of DD cells (option -dds) is: 0.80
The allowed shrink of domain decomposition cells is: X 0.74
The maximum allowed distance for atoms involved in interactions is:
                 non-bonded interactions           1.107 nm
            two-body bonded interactions  (-rdd)   1.107 nm
          multi-body bonded interactions  (-rdd)   0.820 nm
  atoms separated by up to 5 constraints  (-rcon)  0.820 nm

Using 4 MPI threads

Non-default thread affinity set, disabling internal thread affinity

Using 1 OpenMP thread per tMPI thread

System total charge: -0.000
Will do PME sum in reciprocal space for electrostatic interactions.

++++ PLEASE READ AND CITE THE FOLLOWING REFERENCE ++++
U. Essmann, L. Perera, M. L. Berkowitz, T. Darden, H. Lee and L. G. Pedersen 
A smooth particle mesh Ewald method
J. Chem. Phys. 103 (1995) pp. 8577-8592
-------- -------- --- Thank You --- -------- --------

Using a Gaussian width (1/beta) of 0.320163 nm for Ewald
Potential shift: LJ r^-12: -1.000e+00 r^-6: -1.000e+00, Ewald -1.000e-05
Initialized non-bonded Coulomb Ewald tables, spacing: 9.33e-04 size: 1073

Generated table with 1053 data points for 1-4 COUL.
Tabscale = 500 points/nm
Generated table with 1053 data points for 1-4 LJ6.
Tabscale = 500 points/nm
Generated table with 1053 data points for 1-4 LJ12.
Tabscale = 500 points/nm


Using SIMD4xM 4x8 nonbonded short-range kernels

Using a dual 4x8 pair-list setup updated with dynamic pruning:
  outer list: updated every 50 steps, buffer 0.107 nm, rlist 1.107 nm
  inner list: updated every 10 steps, buffer 0.001 nm, rlist 1.001 nm
At tolerance 0.005 kJ/mol/ps per atom, equivalent classical 1x1 list would be:
  outer list: updated every 50 steps, buffer 0.236 nm, rlist 1.236 nm
  inner list: updated every 10 steps, buffer 0.033 nm, rlist 1.033 nm

The average pressure is off by at most 0.47 bar due to missing LJ interactions

Using Geometric Lennard-Jones combination rule
Removing pbc first time

Linking all bonded interactions to atoms


Initializing Parallel LINear Constraint Solver

++++ PLEASE READ AND CITE THE FOLLOWING REFERENCE ++++
B. Hess
P-LINCS: A Parallel Linear Constraint Solver for molecular simulation
J. Chem. Theory Comput. 4 (2008) pp. 116-122
-------- -------- --- Thank You --- -------- --------

The number of constraints is 861
There are constraints between atoms in different decomposition domains,
will communicate selected coordinates each lincs iteration

++++ PLEASE READ AND CITE THE FOLLOWING REFERENCE ++++
S. Miyamoto and P. A. Kollman
SETTLE: An Analytical Version of the SHAKE and RATTLE Algorithms for Rigid
Water Models
J. Comp. Chem. 13 (1992) pp. 952-962
-------- -------- --- Thank You --- -------- --------


Intra-simulation communication will occur every 10 steps.

++++ PLEASE READ AND CITE THE FOLLOWING REFERENCE ++++
H. J. C. Berendsen, J. P. M. Postma, A. DiNola and J. R. Haak
Molecular dynamics with coupling to an external bath
J. Chem. Phys. 81 (1984) pp. 3684-3690
-------- -------- --- Thank You --- -------- --------

There are: 7489 Atoms
Atom distribution over 4 domains: av 1872 stddev 65 min 1802 max 1961

Constraining the starting coordinates (step 0)

Constraining the coordinates at t0-dt (step 0)
Center of mass motion removal mode is Linear
We have the following groups for center of mass motion removal:
  0:  rest
RMS relative constraint deviation after constraining: 3.28e-05
Initial temperature: 302.207 K

Started mdrun on rank 0 Mon Jul 20 14:50:54 2026

           Step           Time
              0        0.00000

   Energies (kJ/mol)
          Angle    Proper Dih. Ryckaert-Bell.          LJ-14     Coulomb-14
    5.56302e+02    6.15013e+01    7.90055e+02    1.27516e+03    8.09338e+03
        LJ (SR)   Coulomb (SR)   Coul. recip.      Potential    Kinetic En.
    1.76693e+04   -1.33572e+05    2.06499e+03   -1.03062e+05    1.88575e+04
   Total Energy  Conserved En.    Temperature Pressure (bar)   Constr. rmsd
   -8.42041e+04   -8.42640e+04    3.02951e+02    2.00471e+03    3.25221e-05


DD  step 49 load imb.: force  5.4%

DD  step 99 load imb.: force  6.2%

step 100 Turning on dynamic load balancing, because the performance loss due to load imbalance is 3.4 %.
           Step           Time
            100        0.20000

   Energies (kJ/mol)
          Angle    Proper Dih. Ryckaert-Bell.          LJ-14     Coulomb-14
    1.38279e+03    1.06745e+02    8.49778e+02    1.24998e+03    8.11346e+03
        LJ (SR)   Coulomb (SR)   Coul. recip.      Potential    Kinetic En.
    1.30808e+04   -1.28262e+05    9.45504e+02   -1.02533e+05    1.91345e+04
   Total Energy  Conserved En.    Temperature Pressure (bar)   Constr. rmsd
   -8.33988e+04   -8.38733e+04    3.07401e+02   -8.25587e+02    2.71773e-05


DD  step 199  vol min/aver 0.960  load imb.: force  2.2%
           Step           Time
            200        0.40000

   Energies (kJ/mol)
          Angle    Proper Dih. Ryckaert-Bell.          LJ-14     Coulomb-14
    1.37355e+03    1.05539e+02    8.33375e+02    1.29253e+03    8.16719e+03
        LJ (SR)   Coulomb (SR)   Coul. recip.      Potential    Kinetic En.
    1.39721e+04   -1.30099e+05    7.86870e+02   -1.03568e+05    1.93801e+04
   Total Energy  Conserved En.    Temperature Pressure (bar)   Constr. rmsd
   -8.41879e+04   -8.39662e+04    3.11346e+02   -3.98789e+01    2.49265e-05


DD  step 299  vol min/aver 0.953  load imb.: force  1.8%
           Step           Time
            300        0.60000

   Energies (kJ/mol)
          Angle    Proper Dih. Ryckaert-Bell.          LJ-14     Coulomb-14
    1.36936e+03    9.59509e+01    8.42850e+02    1.31278e+03    8.13253e+03
        LJ (SR)   Coulomb (SR)   Coul. recip.      Potential    Kinetic En.
    1.39567e+04   -1.30415e+05    8.48916e+02   -1.03856e+05    1.89689e+04
   Total Energy  Conserved En.    Temperature Pressure (bar)   Constr. rmsd
   -8.48870e+04   -8.39655e+04    3.04739e+02   -3.43541e+00    2.39287e-05


DD  step 399  vol min/aver 0.950  load imb.: force  1.0%
           Step           Time
            400        0.80000

   Energies (kJ/mol)
          Angle    Proper Dih. Ryckaert-Bell.          LJ-14     Coulomb-14
    1.24747e+03    1.01619e+02    8.91881e+02    1.28214e+03    8.22934e+03
        LJ (SR)   Coulomb (SR)   Coul. recip.      Potential    Kinetic En.
    1.33989e+04   -1.30112e+05    8.25620e+02   -1.04135e+05    1.88361e+04
   Total Energy  Conserved En.    Temperature Pressure (bar)   Constr. rmsd
   -8.52992e+04   -8.38993e+04    3.02607e+02   -5.07115e+02    2.43768e-05


DD  step 499  vol min/aver 0.941  load imb.: force  2.2%
           Step           Time
            500        1.00000

   Energies (kJ/mol)
          Angle    Proper Dih. Ryckaert-Bell.          LJ-14     Coulomb-14
    1.33165e+03    9.76973e+01    9.26118e+02    1.30056e+03    8.22601e+03
        LJ (SR)   Coulomb (SR)   Coul. recip.      Potential    Kinetic En.
    1.37908e+04   -1.30998e+05    8.02159e+02   -1.04523e+05    1.89257e+04
   Total Energy  Conserved En.    Temperature Pressure (bar)   Constr. rmsd
   -8.55975e+04   -8.39471e+04    3.04045e+02   -6.00121e+01    2.06199e-05


DD  step 599  vol min/aver 0.941  load imb.: force  3.2%
           Step           Time
            600        1.20000

   Energies (kJ/mol)
          Angle    Proper Dih. Ryckaert-Bell.          LJ-14     Coulomb-14
    1.40530e+03    7.55768e+01    8.30470e+02    1.24519e+03    8.18396e+03
        LJ (SR)   Coulomb (SR)   Coul. recip.      Potential    Kinetic En.
    1.39776e+04   -1.31643e+05    8.17993e+02   -1.05106e+05    1.90728e+04
   Total Energy  Conserved En.    Temperature Pressure (bar)   Constr. rmsd
   -8.60336e+04   -8.39263e+04    3.06409e+02   -1.98079e+02    2.28924e-05


DD  step 699  vol min/aver 0.938  load imb.: force  1.9%
           Step           Time
            700        1.40000

   Energies (kJ/mol)
          Angle    Proper Dih. Ryckaert-Bell.          LJ-14     Coulomb-14
    1.38187e+03    8.11980e+01    9.04229e+02    1.24158e+03    8.12978e+03
        LJ (SR)   Coulomb (SR)   Coul. recip.      Potential    Kinetic En.
    1.39853e+04   -1.31860e+05    7.56929e+02   -1.05380e+05    1.89470e+04
   Total Energy  Conserved En.    Temperature Pressure (bar)   Constr. rmsd
   -8.64326e+04   -8.39148e+04    3.04388e+02   -3.15079e+02    2.38063e-05


DD  step 799  vol min/aver 0.946  load imb.: force  1.6%
           Step           Time
            800        1.60000

   Energies (kJ/mol)
          Angle    Proper Dih. Ryckaert-Bell.          LJ-14     Coulomb-14
    1.37560e+03    6.51129e+01    8.45102e+02    1.24881e+03    8.13656e+03
        LJ (SR)   Coulomb (SR)   Coul. recip.      Potential    Kinetic En.
    1.42448e+04   -1.31927e+05    7.84276e+02   -1.05227e+05    1.85215e+04
   Total Energy  Conserved En.    Temperature Pressure (bar)   Constr. rmsd
   -8.67051e+04   -8.39282e+04    2.97552e+02   -1.40505e+02    2.34416e-05


DD  step 899  vol min/aver 0.949  load imb.: force  1.8%
           Step           Time
            900        1.80000

   Energies (kJ/mol)
          Angle    Proper Dih. Ryckaert-Bell.          LJ-14     Coulomb-14
    1.35202e+03    9.67432e+01    8.13685e+02    1.26573e+03    8.15878e+03
        LJ (SR)   Coulomb (SR)   Coul. recip.      Potential    Kinetic En.
    1.44902e+04   -1.32656e+05    7.93432e+02   -1.05685e+05    1.90017e+04
   Total Energy  Conserved En.    Temperature Pressure (bar)   Constr. rmsd
   -8.66834e+04   -8.39598e+04    3.05266e+02    1.21441e+02    2.41807e-05


DD  step 999  vol min/aver 0.951  load imb.: force  1.4%
           Step           Time
           1000        2.00000

   Energies (kJ/mol)
          Angle    Proper Dih. Ryckaert-Bell.          LJ-14     Coulomb-14
    1.25802e+03    1.14411e+02    8.80932e+02    1.25145e+03    8.12956e+03
        LJ (SR)   Coulomb (SR)   Coul. recip.      Potential    Kinetic En.
    1.46896e+04   -1.32516e+05    8.05017e+02   -1.05387e+05    1.84541e+04
   Total Energy  Conserved En.    Temperature Pressure (bar)   Constr. rmsd
   -8.69329e+04   -8.39528e+04    2.96469e+02    8.22190e+01    2.52178e-05


DD  step 1099  vol min/aver 0.944  load imb.: force  1.2%
           Step           Time
           1100        2.20000

   Energies (kJ/mol)
          Angle    Proper Dih. Ryckaert-Bell.          LJ-14     Coulomb-14
    1.41512e+03    8.56697e+01    7.61073e+02    1.25698e+03    8.15627e+03
        LJ (SR)   Coulomb (SR)   Coul. recip.      Potential    Kinetic En.
    1.43727e+04   -1.32017e+05    7.97901e+02   -1.05171e+05    1.83897e+04
   Total Energy  Conserved En.    Temperature Pressure (bar)   Constr. rmsd
   -8.67812e+04   -8.39709e+04    2.95434e+02    2.68048e+02    2.39560e-05


DD  step 1199  vol min/aver 0.942  load imb.: force  1.9%
           Step           Time
           1200        2.40000

   Energies (kJ/mol)
          Angle    Proper Dih. Ryckaert-Bell.          LJ-14     Coulomb-14
    1.44206e+03    1.04682e+02    8.00699e+02    1.22502e+03    8.11778e+03
        LJ (SR)   Coulomb (SR)   Coul. recip.      Potential    Kinetic En.
    1.40535e+04   -1.31976e+05    7.97971e+02   -1.05434e+05    1.88989e+04
   Total Energy  Conserved En.    Temperature Pressure (bar)   Constr. rmsd
   -8.65353e+04   -8.38989e+04    3.03616e+02   -3.86194e+02    2.63581e-05


DD  step 1299  vol min/aver 0.929  load imb.: force  1.5%
           Step           Time
           1300        2.60000

   Energies (kJ/mol)
          Angle    Proper Dih. Ryckaert-Bell.          LJ-14     Coulomb-14
    1.37932e+03    8.04772e+01    8.49251e+02    1.28842e+03    8.19925e+03
        LJ (SR)   Coulomb (SR)   Coul. recip.      Potential    Kinetic En.
    1.42281e+04   -1.32414e+05    7.58897e+02   -1.05630e+05    1.88232e+04
   Total Energy  Conserved En.    Temperature Pressure (bar)   Constr. rmsd
   -8.68067e+04   -8.39388e+04    3.02399e+02    4.35899e+01    2.30788e-05


DD  step 1399  vol min/aver 0.924  load imb.: force  0.9%
           Step           Time
           1400        2.80000

   Energies (kJ/mol)
          Angle    Proper Dih. Ryckaert-Bell.          LJ-14     Coulomb-14
    1.35755e+03    7.88566e+01    7.87576e+02    1.32615e+03    8.19795e+03
        LJ (SR)   Coulomb (SR)   Coul. recip.      Potential    Kinetic En.
    1.44983e+04   -1.32726e+05    7.30796e+02   -1.05749e+05    1.87612e+04
   Total Energy  Conserved En.    Temperature Pressure (bar)   Constr. rmsd
   -8.69878e+04   -8.39683e+04    3.01404e+02    2.38317e+02    2.10515e-05


DD  step 1499  vol min/aver 0.915  load imb.: force  0.5%
           Step           Time
           1500        3.00000

   Energies (kJ/mol)
          Angle    Proper Dih. Ryckaert-Bell.          LJ-14     Coulomb-14
    1.35086e+03    9.19401e+01    8.37345e+02    1.26501e+03    8.22861e+03
        LJ (SR)   Coulomb (SR)   Coul. recip.      Potential    Kinetic En.
    1.43679e+04   -1.32538e+05    7.36244e+02   -1.05660e+05    1.85909e+04
   Total Energy  Conserved En.    Temperature Pressure (bar)   Constr. rmsd
   -8.70690e+04   -8.39106e+04    2.98667e+02   -2.51297e+02    2.63102e-05


DD  step 1599  vol min/aver 0.916  load imb.: force  0.7%
           Step           Time
           1600        3.20000

   Energies (kJ/mol)
          Angle    Proper Dih. Ryckaert-Bell.          LJ-14     Coulomb-14
    1.40407e+03    1.08251e+02    8.48670e+02    1.25851e+03    8.19212e+03
        LJ (SR)   Coulomb (SR)   Coul. recip.      Potential    Kinetic En.
    1.40130e+04   -1.32101e+05    7.87719e+02   -1.05489e+05    1.85189e+04
   Total Energy  Conserved En.    Temperature Pressure (bar)   Constr. rmsd
   -8.69698e+04   -8.39258e+04    2.97510e+02   -1.06430e+02    2.20184e-05


DD  step 1699  vol min/aver 0.918  load imb.: force  0.6%
           Step           Time
           1700        3.40000

   Energies (kJ/mol)
          Angle    Proper Dih. Ryckaert-Bell.          LJ-14     Coulomb-14
    1.40140e+03    1.01544e+02    8.10158e+02    1.26653e+03    8.17217e+03
        LJ (SR)   Coulomb (SR)   Coul. recip.      Potential    Kinetic En.
    1.43948e+04   -1.32494e+05    7.64465e+02   -1.05583e+05    1.87280e+04
   Total Energy  Conserved En.    Temperature Pressure (bar)   Constr. rmsd
   -8.68548e+04   -8.39194e+04    3.00869e+02   -1.61136e+02    2.48157e-05


DD  step 1799  vol min/aver 0.926  load imb.: force  2.5%
           Step           Time
           1800        3.60000

   Energies (kJ/mol)
          Angle    Proper Dih. Ryckaert-Bell.          LJ-14     Coulomb-14
    1.40318e+03    8.90879e+01    7.94734e+02    1.28695e+03    8.19902e+03
        LJ (SR)   Coulomb (SR)   Coul. recip.      Potential    Kinetic En.
    1.37848e+04   -1.32205e+05    7.86667e+02   -1.05861e+05    1.89104e+04
   Total Energy  Conserved En.    Temperature Pressure (bar)   Constr. rmsd
   -8.69503e+04   -8.39111e+04    3.03800e+02   -2.51765e+02    2.24879e-05


DD  step 1899  vol min/aver 0.928  load imb.: force  2.2%
           Step           Time
           1900        3.80000

   Energies (kJ/mol)
          Angle    Proper Dih. Ryckaert-Bell.          LJ-14     Coulomb-14
    1.37656e+03    8.70591e+01    8.16941e+02    1.26676e+03    8.20255e+03
        LJ (SR)   Coulomb (SR)   Coul. recip.      Potential    Kinetic En.
    1.37357e+04   -1.31709e+05    7.65445e+02   -1.05458e+05    1.85802e+04
   Total Energy  Conserved En.    Temperature Pressure (bar)   Constr. rmsd
   -8.68782e+04   -8.39112e+04    2.98496e+02   -2.02816e+02    2.21548e-05


DD  step 1999  vol min/aver 0.929  load imb.: force  1.0%

step 2000 Turning off dynamic load balancing, because it is degrading performance.
Atom distribution over 4 domains: av 1872 stddev 39 min 1836 max 1904
           Step           Time
           2000        4.00000

   Energies (kJ/mol)
          Angle    Proper Dih. Ryckaert-Bell.          LJ-14     Coulomb-14
    1.39293e+03    9.25662e+01    7.97778e+02    1.29971e+03    8.17034e+03
        LJ (SR)   Coulomb (SR)   Coul. recip.      Potential    Kinetic En.
    1.39324e+04   -1.32096e+05    7.52241e+02   -1.05658e+05    1.86868e+04
   Total Energy  Conserved En.    Temperature Pressure (bar)   Constr. rmsd
   -8.69716e+04   -8.39286e+04    3.00208e+02   -1.09746e+02    2.34069e-05


DD  step 2099 load imb.: force  8.1%
           Step           Time
           2100        4.20000

   Energies (kJ/mol)
          Angle    Proper Dih. Ryckaert-Bell.          LJ-14     Coulomb-14
    1.37736e+03    9.83836e+01    7.72848e+02    1.29039e+03    8.15260e+03
        LJ (SR)   Coulomb (SR)   Coul. recip.      Potential    Kinetic En.
    1.41537e+04   -1.32177e+05    7.15509e+02   -1.05616e+05    1.86421e+04
   Total Energy  Conserved En.    Temperature Pressure (bar)   Constr. rmsd
   -8.69741e+04   -8.39456e+04    2.99489e+02    9.08098e+01    2.42175e-05


DD  step 2199 load imb.: force  9.2%
           Step           Time
           2200        4.40000

   Energies (kJ/mol)
          Angle    Proper Dih. Ryckaert-Bell.          LJ-14     Coulomb-14
    1.33209e+03    8.65128e+01    7.96807e+02    1.25179e+03    8.21334e+03
        LJ (SR)   Coulomb (SR)   Coul. recip.      Potential    Kinetic En.
    1.45807e+04   -1.32515e+05    7.51252e+02   -1.05502e+05    1.85391e+04
   Total Energy  Conserved En.    Temperature Pressure (bar)   Constr. rmsd
   -8.69633e+04   -8.39780e+04    2.97834e+02    5.01850e+02    2.10990e-05


DD  step 2299 load imb.: force  7.8%
           Step           Time
           2300        4.60000

   Energies (kJ/mol)
          Angle    Proper Dih. Ryckaert-Bell.          LJ-14     Coulomb-14
    1.36306e+03    7.46559e+01    8.52748e+02    1.33329e+03    8.24264e+03
        LJ (SR)   Coulomb (SR)   Coul. recip.      Potential    Kinetic En.
    1.37907e+04   -1.32031e+05    7.71150e+02   -1.05602e+05    1.87745e+04
   Total Energy  Conserved En.    Temperature Pressure (bar)   Constr. rmsd
   -8.68280e+04   -8.39006e+04    3.01616e+02   -2.30360e+02    2.23711e-05


DD  step 2399 load imb.: force  7.5%
           Step           Time
           2400        4.80000

   Energies (kJ/mol)
          Angle    Proper Dih. Ryckaert-Bell.          LJ-14     Coulomb-14
    1.38377e+03    1.00598e+02    8.68175e+02    1.28526e+03    8.20084e+03
        LJ (SR)   Coulomb (SR)   Coul. recip.      Potential    Kinetic En.
    1.40287e+04   -1.32232e+05    7.69297e+02   -1.05596e+05    1.86900e+04
   Total Energy  Conserved En.    Temperature Pressure (bar)   Constr. rmsd
   -8.69057e+04   -8.39170e+04    3.00260e+02   -9.70535e+01    2.37150e-05


DD  step 2499 load imb.: force  8.9%
           Step           Time
           2500        5.00000

   Energies (kJ/mol)
          Angle    Proper Dih. Ryckaert-Bell.          LJ-14     Coulomb-14
    1.50793e+03    8.39898e+01    8.00802e+02    1.31110e+03    8.24552e+03
        LJ (SR)   Coulomb (SR)   Coul. recip.      Potential    Kinetic En.
    1.40819e+04   -1.32326e+05    7.38964e+02   -1.05556e+05    1.87049e+04
   Total Energy  Conserved En.    Temperature Pressure (bar)   Constr. rmsd
   -8.68512e+04   -8.39356e+04    3.00499e+02    7.87451e+01    2.36156e-05


DD  step 2599 load imb.: force  7.4%
           Step           Time
           2600        5.20000

   Energies (kJ/mol)
          Angle    Proper Dih. Ryckaert-Bell.          LJ-14     Coulomb-14
    1.42622e+03    8.23385e+01    8.18310e+02    1.30939e+03    8.21455e+03
        LJ (SR)   Coulomb (SR)   Coul. recip.      Potential    Kinetic En.
    1.42521e+04   -1.32534e+05    7.58340e+02   -1.05673e+05    1.84601e+04
   Total Energy  Conserved En.    Temperature Pressure (bar)   Constr. rmsd
   -8.72128e+04   -8.39202e+04    2.96566e+02   -3.79260e+01    2.71471e-05


DD  step 2699 load imb.: force  6.6%
           Step           Time
           2700        5.40000

   Energies (kJ/mol)
          Angle    Proper Dih. Ryckaert-Bell.          LJ-14     Coulomb-14
    1.45372e+03    9.28066e+01    7.50775e+02    1.33603e+03    8.23579e+03
        LJ (SR)   Coulomb (SR)   Coul. recip.      Potential    Kinetic En.
    1.47347e+04   -1.33325e+05    7.60996e+02   -1.05960e+05    1.88123e+04
   Total Energy  Conserved En.    Temperature Pressure (bar)   Constr. rmsd
   -8.71475e+04   -8.39369e+04    3.02224e+02    1.43025e+02    2.46577e-05


DD  step 2799 load imb.: force  6.0%
           Step           Time
           2800        5.60000

   Energies (kJ/mol)
          Angle    Proper Dih. Ryckaert-Bell.          LJ-14     Coulomb-14
    1.33226e+03    8.23825e+01    8.35777e+02    1.28655e+03    8.19600e+03
        LJ (SR)   Coulomb (SR)   Coul. recip.      Potential    Kinetic En.
    1.38919e+04   -1.32112e+05    7.98117e+02   -1.05689e+05    1.84915e+04
   Total Energy  Conserved En.    Temperature Pressure (bar)   Constr. rmsd
   -8.71979e+04   -8.39074e+04    2.97071e+02   -2.08455e+02    2.54013e-05


DD  step 2899 load imb.: force  5.2%
           Step           Time
           2900        5.80000

   Energies (kJ/mol)
          Angle    Proper Dih. Ryckaert-Bell.          LJ-14     Coulomb-14
    1.41180e+03    8.91773e+01    8.80523e+02    1.27638e+03    8.19170e+03
        LJ (SR)   Coulomb (SR)   Coul. recip.      Potential    Kinetic En.
    1.42440e+04   -1.32657e+05    7.80245e+02   -1.05784e+05    1.87416e+04
   Total Energy  Conserved En.    Temperature Pressure (bar)   Constr. rmsd
   -8.70420e+04   -8.39354e+04    3.01088e+02    8.54834e+01    2.30456e-05


DD  step 2999 load imb.: force  7.4%
           Step           Time
           3000        6.00000

   Energies (kJ/mol)
          Angle    Proper Dih. Ryckaert-Bell.          LJ-14     Coulomb-14
    1.39857e+03    1.11420e+02    8.23241e+02    1.30401e+03    8.22904e+03
        LJ (SR)   Coulomb (SR)   Coul. recip.      Potential    Kinetic En.
    1.40226e+04   -1.32313e+05    8.00692e+02   -1.05624e+05    1.87740e+04
   Total Energy  Conserved En.    Temperature Pressure (bar)   Constr. rmsd
   -8.68495e+04   -8.39304e+04    3.01609e+02    4.24324e+00    2.48204e-05


DD  step 3099 load imb.: force  8.1%
           Step           Time
           3100        6.20000

   Energies (kJ/mol)
          Angle    Proper Dih. Ryckaert-Bell.          LJ-14     Coulomb-14
    1.45778e+03    1.10154e+02    8.20783e+02    1.30259e+03    8.19134e+03
        LJ (SR)   Coulomb (SR)   Coul. recip.      Potential    Kinetic En.
    1.42113e+04   -1.32337e+05    7.60079e+02   -1.05483e+05    1.84469e+04
   Total Energy  Conserved En.    Temperature Pressure (bar)   Constr. rmsd
   -8.70361e+04   -8.39362e+04    2.96354e+02    1.18051e+02    2.35539e-05


DD  step 3199 load imb.: force  6.3%
           Step           Time
           3200        6.40000

   Energies (kJ/mol)
          Angle    Proper Dih. Ryckaert-Bell.          LJ-14     Coulomb-14
    1.48003e+03    8.51102e+01    8.72269e+02    1.28246e+03    8.23959e+03
        LJ (SR)   Coulomb (SR)   Coul. recip.      Potential    Kinetic En.
    1.39954e+04   -1.32150e+05    7.06458e+02   -1.05489e+05    1.85372e+04
   Total Energy  Conserved En.    Temperature Pressure (bar)   Constr. rmsd
   -8.69518e+04   -8.39163e+04    2.97804e+02   -8.87721e+01    2.56536e-05


DD  step 3299 load imb.: force  8.1%
           Step           Time
           3300        6.60000

   Energies (kJ/mol)
          Angle    Proper Dih. Ryckaert-Bell.          LJ-14     Coulomb-14
    1.46317e+03    8.36641e+01    8.12058e+02    1.27447e+03    8.13584e+03
        LJ (SR)   Coulomb (SR)   Coul. recip.      Potential    Kinetic En.
    1.40450e+04   -1.32470e+05    7.02856e+02   -1.05953e+05    1.90562e+04
   Total Energy  Conserved En.    Temperature Pressure (bar)   Constr. rmsd
   -8.68967e+04   -8.39480e+04    3.06142e+02    1.43797e+02    2.13723e-05


DD  step 3399 load imb.: force  7.9%
           Step           Time
           3400        6.80000

   Energies (kJ/mol)
          Angle    Proper Dih. Ryckaert-Bell.          LJ-14     Coulomb-14
    1.52722e+03    1.05917e+02    7.69015e+02    1.31353e+03    8.17149e+03
        LJ (SR)   Coulomb (SR)   Coul. recip.      Potential    Kinetic En.
    1.39402e+04   -1.32080e+05    7.79879e+02   -1.05473e+05    1.85999e+04
   Total Energy  Conserved En.    Temperature Pressure (bar)   Constr. rmsd
   -8.68729e+04   -8.39188e+04    2.98811e+02   -4.73380e+01    2.37980e-05


DD  step 3499 load imb.: force 10.8%
           Step           Time
           3500        7.00000

   Energies (kJ/mol)
          Angle    Proper Dih. Ryckaert-Bell.          LJ-14     Coulomb-14
    1.48691e+03    1.21591e+02    8.63376e+02    1.34344e+03    8.21279e+03
        LJ (SR)   Coulomb (SR)   Coul. recip.      Potential    Kinetic En.
    1.34369e+04   -1.31963e+05    7.51752e+02   -1.05747e+05    1.88453e+04
   Total Energy  Conserved En.    Temperature Pressure (bar)   Constr. rmsd
   -8.69012e+04   -8.39067e+04    3.02754e+02   -2.17702e+02    2.17074e-05


DD  step 3599 load imb.: force  7.1%
           Step           Time
           3600        7.20000

   Energies (kJ/mol)
          Angle    Proper Dih. Ryckaert-Bell.          LJ-14     Coulomb-14
    1.45385e+03    1.32110e+02    8.05575e+02    1.27208e+03    8.16230e+03
        LJ (SR)   Coulomb (SR)   Coul. recip.      Potential    Kinetic En.
    1.38235e+04   -1.31896e+05    7.61491e+02   -1.05485e+05    1.86222e+04
   Total Energy  Conserved En.    Temperature Pressure (bar)   Constr. rmsd
   -8.68627e+04   -8.39029e+04    2.99169e+02   -2.57004e+02    2.88429e-05


DD  step 3699 load imb.: force  7.2%
           Step           Time
           3700        7.40000

   Energies (kJ/mol)
          Angle    Proper Dih. Ryckaert-Bell.          LJ-14     Coulomb-14
    1.50100e+03    9.01603e+01    7.60479e+02    1.32595e+03    8.20769e+03
        LJ (SR)   Coulomb (SR)   Coul. recip.      Potential    Kinetic En.
    1.43242e+04   -1.32808e+05    7.65987e+02   -1.05833e+05    1.87683e+04
   Total Energy  Conserved En.    Temperature Pressure (bar)   Constr. rmsd
   -8.70643e+04   -8.39353e+04    3.01517e+02    4.52028e+01    2.55713e-05


DD  step 3799 load imb.: force  4.8%
           Step           Time
           3800        7.60000

   Energies (kJ/mol)
          Angle    Proper Dih. Ryckaert-Bell.          LJ-14     Coulomb-14
    1.48968e+03    8.55001e+01    8.32886e+02    1.28585e+03    8.15575e+03
        LJ (SR)   Coulomb (SR)   Coul. recip.      Potential    Kinetic En.
    1.36160e+04   -1.31811e+05    7.70712e+02   -1.05575e+05    1.85399e+04
   Total Energy  Conserved En.    Temperature Pressure (bar)   Constr. rmsd
   -8.70348e+04   -8.38851e+04    2.97848e+02   -3.27123e+02    2.38027e-05


DD  step 3899 load imb.: force  5.3%
           Step           Time
           3900        7.80000

   Energies (kJ/mol)
          Angle    Proper Dih. Ryckaert-Bell.          LJ-14     Coulomb-14
    1.54244e+03    1.01585e+02    7.88529e+02    1.29744e+03    8.16959e+03
        LJ (SR)   Coulomb (SR)   Coul. recip.      Potential    Kinetic En.
    1.39589e+04   -1.32294e+05    7.09163e+02   -1.05727e+05    1.86646e+04
   Total Energy  Conserved En.    Temperature Pressure (bar)   Constr. rmsd
   -8.70621e+04   -8.39264e+04    2.99851e+02    1.05943e+01    2.31816e-05


DD  step 3999 load imb.: force  4.5%
           Step           Time
           4000        8.00000

   Energies (kJ/mol)
          Angle    Proper Dih. Ryckaert-Bell.          LJ-14     Coulomb-14
    1.50703e+03    9.48459e+01    7.99447e+02    1.29654e+03    8.20380e+03
        LJ (SR)   Coulomb (SR)   Coul. recip.      Potential    Kinetic En.
    1.43648e+04   -1.32759e+05    7.48000e+02   -1.05745e+05    1.86045e+04
   Total Energy  Conserved En.    Temperature Pressure (bar)   Constr. rmsd
   -8.71403e+04   -8.39407e+04    2.98886e+02    1.80839e+02    2.52482e-05


DD  step 4099 load imb.: force  6.4%
           Step           Time
           4100        8.20000

   Energies (kJ/mol)
          Angle    Proper Dih. Ryckaert-Bell.          LJ-14     Coulomb-14
    1.43386e+03    8.35940e+01    8.02805e+02    1.32476e+03    8.15561e+03
        LJ (SR)   Coulomb (SR)   Coul. recip.      Potential    Kinetic En.
    1.42630e+04   -1.32330e+05    7.49342e+02   -1.05517e+05    1.85088e+04
   Total Energy  Conserved En.    Temperature Pressure (bar)   Constr. rmsd
   -8.70084e+04   -8.39497e+04    2.97348e+02    2.93408e+02    2.41882e-05


DD  step 4199 load imb.: force  5.2%
           Step           Time
           4200        8.40000

   Energies (kJ/mol)
          Angle    Proper Dih. Ryckaert-Bell.          LJ-14     Coulomb-14
    1.46208e+03    9.79960e+01    8.57160e+02    1.30197e+03    8.19719e+03
        LJ (SR)   Coulomb (SR)   Coul. recip.      Potential    Kinetic En.
    1.45386e+04   -1.32848e+05    7.92134e+02   -1.05600e+05    1.85098e+04
   Total Energy  Conserved En.    Temperature Pressure (bar)   Constr. rmsd
   -8.70907e+04   -8.39465e+04    2.97364e+02    2.33489e+02    2.56340e-05


DD  step 4299 load imb.: force  4.5%
           Step           Time
           4300        8.60000

   Energies (kJ/mol)
          Angle    Proper Dih. Ryckaert-Bell.          LJ-14     Coulomb-14
    1.41857e+03    1.14226e+02    8.73587e+02    1.28582e+03    8.19539e+03
        LJ (SR)   Coulomb (SR)   Coul. recip.      Potential    Kinetic En.
    1.46872e+04   -1.33240e+05    7.59626e+02   -1.05905e+05    1.87157e+04
   Total Energy  Conserved En.    Temperature Pressure (bar)   Constr. rmsd
   -8.71898e+04   -8.39271e+04    3.00671e+02    7.41345e+01    2.51001e-05


DD  step 4399 load imb.: force  6.9%
           Step           Time
           4400        8.80000

   Energies (kJ/mol)
          Angle    Proper Dih. Ryckaert-Bell.          LJ-14     Coulomb-14
    1.48466e+03    1.14795e+02    8.56800e+02    1.28657e+03    8.19571e+03
        LJ (SR)   Coulomb (SR)   Coul. recip.      Potential    Kinetic En.
    1.42798e+04   -1.32690e+05    7.74880e+02   -1.05696e+05    1.85942e+04
   Total Energy  Conserved En.    Temperature Pressure (bar)   Constr. rmsd
   -8.71022e+04   -8.38806e+04    2.98720e+02   -3.13001e+02    2.67649e-05


DD  step 4499 load imb.: force  5.9%
           Step           Time
           4500        9.00000

   Energies (kJ/mol)
          Angle    Proper Dih. Ryckaert-Bell.          LJ-14     Coulomb-14
    1.42402e+03    1.08840e+02    8.01753e+02    1.30543e+03    8.17160e+03
        LJ (SR)   Coulomb (SR)   Coul. recip.      Potential    Kinetic En.
    1.42205e+04   -1.32841e+05    7.96435e+02   -1.06012e+05    1.87558e+04
   Total Energy  Conserved En.    Temperature Pressure (bar)   Constr. rmsd
   -8.72565e+04   -8.39183e+04    3.01317e+02   -2.24129e+01    2.51809e-05


DD  step 4599 load imb.: force  6.6%
           Step           Time
           4600        9.20000

   Energies (kJ/mol)
          Angle    Proper Dih. Ryckaert-Bell.          LJ-14     Coulomb-14
    1.59959e+03    8.89902e+01    7.88668e+02    1.28718e+03    8.19291e+03
        LJ (SR)   Coulomb (SR)   Coul. recip.      Potential    Kinetic En.
    1.46793e+04   -1.33290e+05    7.34546e+02   -1.05919e+05    1.87038e+04
   Total Energy  Conserved En.    Temperature Pressure (bar)   Constr. rmsd
   -8.72154e+04   -8.39255e+04    3.00481e+02    9.02622e+01    2.56899e-05


DD  step 4699 load imb.: force  6.7%
           Step           Time
           4700        9.40000

   Energies (kJ/mol)
          Angle    Proper Dih. Ryckaert-Bell.          LJ-14     Coulomb-14
    1.47653e+03    1.24973e+02    8.68310e+02    1.32474e+03    8.23793e+03
        LJ (SR)   Coulomb (SR)   Coul. recip.      Potential    Kinetic En.
    1.41553e+04   -1.32989e+05    7.26846e+02   -1.06075e+05    1.87290e+04
   Total Energy  Conserved En.    Temperature Pressure (bar)   Constr. rmsd
   -8.73456e+04   -8.38672e+04    3.00886e+02   -4.15895e+02    2.87076e-05


DD  step 4799 load imb.: force  8.3%
           Step           Time
           4800        9.60000

   Energies (kJ/mol)
          Angle    Proper Dih. Ryckaert-Bell.          LJ-14     Coulomb-14
    1.53490e+03    1.11111e+02    8.64975e+02    1.27468e+03    8.21629e+03
        LJ (SR)   Coulomb (SR)   Coul. recip.      Potential    Kinetic En.
    1.43976e+04   -1.33119e+05    7.58847e+02   -1.05961e+05    1.85444e+04
   Total Energy  Conserved En.    Temperature Pressure (bar)   Constr. rmsd
   -8.74164e+04   -8.39034e+04    2.97921e+02   -9.41214e+01    2.65291e-05


DD  step 4899 load imb.: force  7.5%
           Step           Time
           4900        9.80000

   Energies (kJ/mol)
          Angle    Proper Dih. Ryckaert-Bell.          LJ-14     Coulomb-14
    1.45246e+03    1.05698e+02    8.24694e+02    1.31680e+03    8.26658e+03
        LJ (SR)   Coulomb (SR)   Coul. recip.      Potential    Kinetic En.
    1.47283e+04   -1.33679e+05    7.93250e+02   -1.06191e+05    1.86690e+04
   Total Energy  Conserved En.    Temperature Pressure (bar)   Constr. rmsd
   -8.75219e+04   -8.39456e+04    2.99921e+02    3.13031e+02    2.39526e-05


DD  step 4999 load imb.: force  8.1%
           Step           Time
           5000       10.00000

Writing checkpoint, step 5000 at Mon Jul 20 14:51:05 2026


   Energies (kJ/mol)
          Angle    Proper Dih. Ryckaert-Bell.          LJ-14     Coulomb-14
    1.35923e+03    1.10115e+02    7.85864e+02    1.28081e+03    8.24948e+03
        LJ (SR)   Coulomb (SR)   Coul. recip.      Potential    Kinetic En.
    1.45656e+04   -1.33382e+05    7.73783e+02   -1.06257e+05    1.86799e+04
   Total Energy  Conserved En.    Temperature Pressure (bar)   Constr. rmsd
   -8.75770e+04   -8.39494e+04    3.00097e+02    3.17625e+02    2.39960e-05


Energy conservation over simulation part #1 of length 10 ps, time 0 to 10 ps
  Conserved energy drift: 4.20e-03 kJ/mol/ps per atom


	<======  ###############  ==>
	<====  A V E R A G E S  ====>
	<==  ###############  ======>

	Statistics over 5001 steps using 51 frames

   Energies (kJ/mol)
          Angle    Proper Dih. Ryckaert-Bell.          LJ-14     Coulomb-14
    1.40194e+03    9.59896e+01    8.26701e+02    1.28771e+03    8.18799e+03
        LJ (SR)   Coulomb (SR)   Coul. recip.      Potential    Kinetic En.
    1.42088e+04   -1.32226e+05    7.97464e+02   -1.05420e+05    1.87199e+04
   Total Energy  Conserved En.    Temperature Pressure (bar)   Constr. rmsd
   -8.66997e+04   -8.39337e+04    3.00739e+02   -8.49654e+00    0.00000e+00

          Box-X          Box-Y          Box-Z
    4.43211e+00    3.59127e+00    4.80382e+00

   Total Virial (kJ/mol)
    6.11205e+03    8.29828e+01   -4.94730e-01
    8.29585e+01    6.49388e+03    2.34762e+02
   -3.66591e-01    2.34907e+02    6.17690e+03

   Pressure (bar)
    6.44967e+01   -2.73108e+01   -5.43059e+00
   -2.73003e+01   -1.21398e+02   -9.37931e+01
   -5.48632e+00   -9.38560e+01    3.14121e+01


	M E G A - F L O P S   A C C O U N T I N G

 NB=Group-cutoff nonbonded kernels    NxN=N-by-N cluster Verlet kernels
 RF=Reaction-Field  VdW=Van der Waals  QSTab=quadratic-spline table
 W3=SPC/TIP3p  W4=TIP4p (single or pairs)
 V&F=Potential and force  V=Potential only  F=Force only

 Computing:                               M-Number         M-Flops  % Flops
-----------------------------------------------------------------------------
 Pair Search distance check             322.228822        2900.059     0.2
 NxN Ewald Elec. + LJ [F]             12254.563040      808801.161    52.9
 NxN Ewald Elec. + LJ [V&F]             126.248912       13508.634     0.9
 NxN Ewald Elec. [F]                   9589.401088      584953.466    38.2
 NxN Ewald Elec. [V&F]                   98.840560        8302.607     0.5
 1,4 nonbonded interactions              11.197239        1007.752     0.1
 Calc Weights                           112.357467        4044.869     0.3
 Spread Q Bspline                      2396.959296        4793.919     0.3
 Gather F Bspline                      2396.959296       14381.756     0.9
 3D-FFT                                8449.659594       67597.277     4.4
 Solve PME                              140.828160        9013.002     0.6
 Reset In Box                             0.748900           2.247     0.0
 CG-CoM                                   0.763878           2.292     0.0
 Angles                                   7.756551        1303.101     0.1
 Propers                                  0.830166         190.108     0.0
 RB-Dihedrals                             8.616723        2128.331     0.1
 Virial                                   0.391119           7.040     0.0
 Stop-CM                                 37.459978         374.600     0.0
 P-Coupling                               0.381939           2.292     0.0
 Calc-Ekin                               37.459978        1011.419     0.1
 Lincs                                    6.751960         405.118     0.0
 Lincs-Mat                              144.619740         578.479     0.0
 Constraint-V                            49.340335         444.063     0.0
 Constraint-Vir                           0.434150          10.420     0.0
 Settle                                  11.948789        4421.052     0.3
-----------------------------------------------------------------------------
 Total                                                 1530185.060   100.0
-----------------------------------------------------------------------------


    D O M A I N   D E C O M P O S I T I O N   S T A T I S T I C S

 av. #atoms communicated per step for force:  2 x 7481.1
 av. #atoms communicated per step for LINCS:  2 x 1030.4


Dynamic load balancing report:
 DLB was off during the run due to low measured imbalance.
 Average load imbalance: 4.2%.
 The balanceable part of the MD step is 57%, load imbalance is computed from this.
 Part of the total run time spent waiting due to load imbalance: 2.4%.


      R E A L   C Y C L E   A N D   T I M E   A C C O U N T I N G

On 4 MPI ranks

 Activity:              Num   Num      Call    Wall time         Giga-Cycles
                        Ranks Threads  Count      (s)         total sum    %
--------------------------------------------------------------------------------
 Domain decomp.            4    1        101       0.657          6.812   6.0
 DD comm. load             4    1         70       0.000          0.004   0.0
 DD comm. bounds           4    1         20       0.000          0.004   0.0
 Neighbor search           4    1        101       0.211          2.191   1.9
 Comm. coord.              4    1       4900       0.188          1.953   1.7
 Force                     4    1       5001       5.074         52.599  46.4
 Wait + Comm. F            4    1       5001       0.150          1.559   1.4
 PME mesh                  4    1       5001       3.739         38.763  34.2
 NB X/F buffer ops.        4    1      14801       0.056          0.576   0.5
 Write traj.               4    1         51       0.047          0.490   0.4
 Update                    4    1       5001       0.022          0.229   0.2
 Constraints               4    1       5003       0.469          4.859   4.3
 Comm. energies            4    1       5001       0.231          2.398   2.1
 Rest                                              0.096          0.994   0.9
--------------------------------------------------------------------------------
 Total                                            10.942        113.429 100.0
--------------------------------------------------------------------------------
 Breakdown of PME mesh activities
--------------------------------------------------------------------------------
 PME redist. X/F           4    1      10002       1.322         13.701  12.1
 PME spread                4    1       5001       0.528          5.471   4.8
 PME gather                4    1       5001       0.502          5.206   4.6
 PME 3D-FFT                4    1      10002       0.756          7.833   6.9
 PME 3D-FFT Comm.          4    1      10002       0.570          5.907   5.2
 PME solve Elec            4    1       5001       0.059          0.607   0.5
--------------------------------------------------------------------------------

               Core t (s)   Wall t (s)        (%)
       Time:       43.599       10.942      398.5
                 (ns/day)    (hour/ns)
Performance:       78.980        0.304
Finished mdrun on rank 0 Mon Jul 20 14:51:05 2026

